{"/home/user/projects/QIUZ-APP/srv/admin-service.js": {"path":"/home/user/projects/QIUZ-APP/srv/admin-service.js","statementMap":{"0":{"start":{"line":5,"column":12},"end":{"line":5,"column":31}},"1":{"start":{"line":6,"column":23},"end":{"line":6,"column":38}},"2":{"start":{"line":7,"column":27},"end":{"line":7,"column":65}},"3":{"start":{"line":8,"column":37},"end":{"line":8,"column":74}},"4":{"start":{"line":9,"column":33},"end":{"line":9,"column":80}},"5":{"start":{"line":10,"column":22},"end":{"line":10,"column":58}},"6":{"start":{"line":12,"column":0},"end":{"line":500,"column":3}},"7":{"start":{"line":13,"column":13},"end":{"line":13,"column":39}},"8":{"start":{"line":19,"column":6},"end":{"line":19,"column":29}},"9":{"start":{"line":20,"column":16},"end":{"line":20,"column":34}},"10":{"start":{"line":21,"column":22},"end":{"line":21,"column":39}},"11":{"start":{"line":22,"column":22},"end":{"line":22,"column":39}},"12":{"start":{"line":23,"column":18},"end":{"line":23,"column":44}},"13":{"start":{"line":24,"column":20},"end":{"line":24,"column":35}},"14":{"start":{"line":27,"column":2},"end":{"line":53,"column":5}},"15":{"start":{"line":28,"column":23},"end":{"line":28,"column":31}},"16":{"start":{"line":29,"column":17},"end":{"line":29,"column":69}},"17":{"start":{"line":30,"column":4},"end":{"line":30,"column":56}},"18":{"start":{"line":30,"column":15},"end":{"line":30,"column":56}},"19":{"start":{"line":32,"column":20},"end":{"line":33,"column":49}},"20":{"start":{"line":34,"column":4},"end":{"line":34,"column":71}},"21":{"start":{"line":34,"column":18},"end":{"line":34,"column":71}},"22":{"start":{"line":36,"column":19},"end":{"line":38,"column":44}},"23":{"start":{"line":39,"column":4},"end":{"line":41,"column":5}},"24":{"start":{"line":40,"column":6},"end":{"line":40,"column":69}},"25":{"start":{"line":43,"column":22},"end":{"line":43,"column":59}},"26":{"start":{"line":45,"column":4},"end":{"line":48,"column":7}},"27":{"start":{"line":50,"column":4},"end":{"line":50,"column":121}},"28":{"start":{"line":52,"column":4},"end":{"line":52,"column":80}},"29":{"start":{"line":56,"column":2},"end":{"line":61,"column":5}},"30":{"start":{"line":57,"column":23},"end":{"line":57,"column":31}},"31":{"start":{"line":58,"column":4},"end":{"line":58,"column":73}},"32":{"start":{"line":59,"column":4},"end":{"line":59,"column":100}},"33":{"start":{"line":60,"column":4},"end":{"line":60,"column":58}},"34":{"start":{"line":64,"column":2},"end":{"line":69,"column":5}},"35":{"start":{"line":65,"column":23},"end":{"line":65,"column":31}},"36":{"start":{"line":66,"column":4},"end":{"line":66,"column":76}},"37":{"start":{"line":67,"column":4},"end":{"line":67,"column":100}},"38":{"start":{"line":68,"column":4},"end":{"line":68,"column":55}},"39":{"start":{"line":72,"column":2},"end":{"line":123,"column":5}},"40":{"start":{"line":73,"column":23},"end":{"line":73,"column":31}},"41":{"start":{"line":74,"column":17},"end":{"line":74,"column":69}},"42":{"start":{"line":75,"column":4},"end":{"line":75,"column":56}},"43":{"start":{"line":75,"column":15},"end":{"line":75,"column":56}},"44":{"start":{"line":77,"column":29},"end":{"line":77,"column":52}},"45":{"start":{"line":78,"column":25},"end":{"line":78,"column":33}},"46":{"start":{"line":80,"column":27},"end":{"line":81,"column":69}},"47":{"start":{"line":83,"column":4},"end":{"line":89,"column":5}},"48":{"start":{"line":84,"column":23},"end":{"line":84,"column":68}},"49":{"start":{"line":85,"column":6},"end":{"line":88,"column":9}},"50":{"start":{"line":91,"column":4},"end":{"line":96,"column":7}},"51":{"start":{"line":99,"column":4},"end":{"line":118,"column":5}},"52":{"start":{"line":100,"column":24},"end":{"line":100,"column":97}},"53":{"start":{"line":101,"column":6},"end":{"line":117,"column":7}},"54":{"start":{"line":102,"column":23},"end":{"line":102,"column":31}},"55":{"start":{"line":103,"column":56},"end":{"line":103,"column":57}},"56":{"start":{"line":104,"column":8},"end":{"line":104,"column":108}},"57":{"start":{"line":106,"column":24},"end":{"line":106,"column":87}},"58":{"start":{"line":107,"column":8},"end":{"line":110,"column":9}},"59":{"start":{"line":108,"column":57},"end":{"line":108,"column":60}},"60":{"start":{"line":109,"column":10},"end":{"line":109,"column":104}},"61":{"start":{"line":112,"column":22},"end":{"line":112,"column":80}},"62":{"start":{"line":113,"column":8},"end":{"line":116,"column":9}},"63":{"start":{"line":114,"column":59},"end":{"line":114,"column":63}},"64":{"start":{"line":115,"column":10},"end":{"line":115,"column":100}},"65":{"start":{"line":120,"column":4},"end":{"line":120,"column":90}},"66":{"start":{"line":122,"column":4},"end":{"line":122,"column":72}},"67":{"start":{"line":126,"column":2},"end":{"line":176,"column":5}},"68":{"start":{"line":127,"column":29},"end":{"line":127,"column":37}},"69":{"start":{"line":128,"column":21},"end":{"line":128,"column":45}},"70":{"start":{"line":130,"column":4},"end":{"line":175,"column":5}},"71":{"start":{"line":132,"column":6},"end":{"line":136,"column":7}},"72":{"start":{"line":133,"column":8},"end":{"line":133,"column":37}},"73":{"start":{"line":135,"column":8},"end":{"line":135,"column":50}},"74":{"start":{"line":138,"column":21},"end":{"line":138,"column":22}},"75":{"start":{"line":139,"column":21},"end":{"line":139,"column":23}},"76":{"start":{"line":141,"column":6},"end":{"line":170,"column":7}},"77":{"start":{"line":142,"column":8},"end":{"line":169,"column":9}},"78":{"start":{"line":143,"column":25},"end":{"line":143,"column":33}},"79":{"start":{"line":144,"column":10},"end":{"line":153,"column":13}},"80":{"start":{"line":155,"column":10},"end":{"line":165,"column":11}},"81":{"start":{"line":156,"column":12},"end":{"line":164,"column":13}},"82":{"start":{"line":156,"column":25},"end":{"line":156,"column":26}},"83":{"start":{"line":157,"column":14},"end":{"line":163,"column":17}},"84":{"start":{"line":166,"column":10},"end":{"line":166,"column":21}},"85":{"start":{"line":168,"column":10},"end":{"line":168,"column":77}},"86":{"start":{"line":172,"column":6},"end":{"line":172,"column":34}},"87":{"start":{"line":174,"column":6},"end":{"line":174,"column":62}},"88":{"start":{"line":179,"column":2},"end":{"line":197,"column":5}},"89":{"start":{"line":180,"column":31},"end":{"line":180,"column":39}},"90":{"start":{"line":181,"column":20},"end":{"line":182,"column":49}},"91":{"start":{"line":183,"column":4},"end":{"line":183,"column":62}},"92":{"start":{"line":183,"column":18},"end":{"line":183,"column":62}},"93":{"start":{"line":185,"column":22},"end":{"line":185,"column":88}},"94":{"start":{"line":186,"column":21},"end":{"line":186,"column":23}},"95":{"start":{"line":188,"column":4},"end":{"line":191,"column":5}},"96":{"start":{"line":189,"column":22},"end":{"line":189,"column":85}},"97":{"start":{"line":190,"column":6},"end":{"line":190,"column":39}},"98":{"start":{"line":193,"column":4},"end":{"line":195,"column":5}},"99":{"start":{"line":194,"column":6},"end":{"line":194,"column":51}},"100":{"start":{"line":196,"column":4},"end":{"line":196,"column":45}},"101":{"start":{"line":200,"column":2},"end":{"line":211,"column":5}},"102":{"start":{"line":201,"column":49},"end":{"line":201,"column":57}},"103":{"start":{"line":202,"column":4},"end":{"line":209,"column":7}},"104":{"start":{"line":210,"column":4},"end":{"line":210,"column":29}},"105":{"start":{"line":214,"column":2},"end":{"line":230,"column":5}},"106":{"start":{"line":215,"column":40},"end":{"line":215,"column":48}},"107":{"start":{"line":216,"column":22},"end":{"line":216,"column":30}},"108":{"start":{"line":217,"column":24},"end":{"line":217,"column":43}},"109":{"start":{"line":219,"column":4},"end":{"line":227,"column":7}},"110":{"start":{"line":229,"column":4},"end":{"line":229,"column":38}},"111":{"start":{"line":232,"column":2},"end":{"line":240,"column":5}},"112":{"start":{"line":233,"column":26},"end":{"line":233,"column":34}},"113":{"start":{"line":234,"column":4},"end":{"line":238,"column":7}},"114":{"start":{"line":239,"column":4},"end":{"line":239,"column":29}},"115":{"start":{"line":242,"column":2},"end":{"line":251,"column":5}},"116":{"start":{"line":243,"column":26},"end":{"line":243,"column":34}},"117":{"start":{"line":244,"column":20},"end":{"line":244,"column":80}},"118":{"start":{"line":245,"column":20},"end":{"line":245,"column":57}},"119":{"start":{"line":246,"column":4},"end":{"line":249,"column":7}},"120":{"start":{"line":250,"column":4},"end":{"line":250,"column":38}},"121":{"start":{"line":253,"column":2},"end":{"line":260,"column":5}},"122":{"start":{"line":254,"column":26},"end":{"line":254,"column":34}},"123":{"start":{"line":255,"column":4},"end":{"line":258,"column":7}},"124":{"start":{"line":259,"column":4},"end":{"line":259,"column":29}},"125":{"start":{"line":263,"column":2},"end":{"line":296,"column":5}},"126":{"start":{"line":264,"column":55},"end":{"line":264,"column":63}},"127":{"start":{"line":265,"column":22},"end":{"line":265,"column":30}},"128":{"start":{"line":267,"column":4},"end":{"line":278,"column":7}},"129":{"start":{"line":280,"column":4},"end":{"line":293,"column":7}},"130":{"start":{"line":281,"column":6},"end":{"line":292,"column":7}},"131":{"start":{"line":282,"column":26},"end":{"line":282,"column":116}},"132":{"start":{"line":283,"column":8},"end":{"line":286,"column":11}},"133":{"start":{"line":288,"column":8},"end":{"line":291,"column":11}},"134":{"start":{"line":295,"column":4},"end":{"line":295,"column":44}},"135":{"start":{"line":298,"column":2},"end":{"line":333,"column":5}},"136":{"start":{"line":299,"column":28},"end":{"line":299,"column":36}},"137":{"start":{"line":300,"column":22},"end":{"line":300,"column":30}},"138":{"start":{"line":302,"column":4},"end":{"line":310,"column":7}},"139":{"start":{"line":312,"column":4},"end":{"line":330,"column":7}},"140":{"start":{"line":313,"column":6},"end":{"line":329,"column":7}},"141":{"start":{"line":314,"column":26},"end":{"line":314,"column":28}},"142":{"start":{"line":315,"column":8},"end":{"line":318,"column":9}},"143":{"start":{"line":316,"column":20},"end":{"line":316,"column":71}},"144":{"start":{"line":317,"column":10},"end":{"line":317,"column":35}},"145":{"start":{"line":317,"column":17},"end":{"line":317,"column":35}},"146":{"start":{"line":319,"column":29},"end":{"line":319,"column":76}},"147":{"start":{"line":320,"column":8},"end":{"line":323,"column":11}},"148":{"start":{"line":325,"column":8},"end":{"line":328,"column":11}},"149":{"start":{"line":332,"column":4},"end":{"line":332,"column":44}},"150":{"start":{"line":335,"column":2},"end":{"line":366,"column":5}},"151":{"start":{"line":336,"column":23},"end":{"line":336,"column":31}},"152":{"start":{"line":337,"column":22},"end":{"line":337,"column":30}},"153":{"start":{"line":339,"column":4},"end":{"line":347,"column":7}},"154":{"start":{"line":349,"column":4},"end":{"line":363,"column":7}},"155":{"start":{"line":350,"column":6},"end":{"line":362,"column":7}},"156":{"start":{"line":351,"column":26},"end":{"line":351,"column":56}},"157":{"start":{"line":352,"column":24},"end":{"line":352,"column":70}},"158":{"start":{"line":353,"column":8},"end":{"line":356,"column":11}},"159":{"start":{"line":358,"column":8},"end":{"line":361,"column":11}},"160":{"start":{"line":365,"column":4},"end":{"line":365,"column":44}},"161":{"start":{"line":368,"column":2},"end":{"line":376,"column":5}},"162":{"start":{"line":369,"column":26},"end":{"line":369,"column":34}},"163":{"start":{"line":370,"column":4},"end":{"line":374,"column":7}},"164":{"start":{"line":375,"column":4},"end":{"line":375,"column":29}},"165":{"start":{"line":378,"column":2},"end":{"line":386,"column":5}},"166":{"start":{"line":379,"column":26},"end":{"line":379,"column":34}},"167":{"start":{"line":380,"column":4},"end":{"line":384,"column":7}},"168":{"start":{"line":385,"column":4},"end":{"line":385,"column":29}},"169":{"start":{"line":389,"column":2},"end":{"line":392,"column":5}},"170":{"start":{"line":390,"column":23},"end":{"line":390,"column":31}},"171":{"start":{"line":391,"column":4},"end":{"line":391,"column":42}},"172":{"start":{"line":395,"column":2},"end":{"line":399,"column":5}},"173":{"start":{"line":396,"column":31},"end":{"line":396,"column":39}},"174":{"start":{"line":397,"column":21},"end":{"line":397,"column":97}},"175":{"start":{"line":398,"column":4},"end":{"line":398,"column":55}},"176":{"start":{"line":402,"column":2},"end":{"line":427,"column":5}},"177":{"start":{"line":403,"column":26},"end":{"line":403,"column":34}},"178":{"start":{"line":404,"column":20},"end":{"line":404,"column":80}},"179":{"start":{"line":405,"column":4},"end":{"line":405,"column":62}},"180":{"start":{"line":405,"column":18},"end":{"line":405,"column":62}},"181":{"start":{"line":406,"column":4},"end":{"line":406,"column":98}},"182":{"start":{"line":406,"column":25},"end":{"line":406,"column":98}},"183":{"start":{"line":408,"column":17},"end":{"line":408,"column":78}},"184":{"start":{"line":409,"column":17},"end":{"line":409,"column":76}},"185":{"start":{"line":411,"column":21},"end":{"line":411,"column":110}},"186":{"start":{"line":412,"column":19},"end":{"line":412,"column":72}},"187":{"start":{"line":414,"column":4},"end":{"line":424,"column":7}},"188":{"start":{"line":426,"column":4},"end":{"line":426,"column":49}},"189":{"start":{"line":432,"column":21},"end":{"line":433,"column":51}},"190":{"start":{"line":435,"column":4},"end":{"line":440,"column":5}},"191":{"start":{"line":436,"column":6},"end":{"line":439,"column":8}},"192":{"start":{"line":442,"column":27},"end":{"line":442,"column":69}},"193":{"start":{"line":442,"column":53},"end":{"line":442,"column":62}},"194":{"start":{"line":443,"column":19},"end":{"line":443,"column":94}},"195":{"start":{"line":443,"column":37},"end":{"line":443,"column":71}},"196":{"start":{"line":443,"column":88},"end":{"line":443,"column":93}},"197":{"start":{"line":444,"column":21},"end":{"line":444,"column":70}},"198":{"start":{"line":444,"column":45},"end":{"line":444,"column":50}},"199":{"start":{"line":445,"column":24},"end":{"line":445,"column":61}},"200":{"start":{"line":446,"column":22},"end":{"line":446,"column":59}},"201":{"start":{"line":446,"column":43},"end":{"line":446,"column":51}},"202":{"start":{"line":447,"column":21},"end":{"line":447,"column":56}},"203":{"start":{"line":448,"column":25},"end":{"line":448,"column":114}},"204":{"start":{"line":448,"column":62},"end":{"line":448,"column":91}},"205":{"start":{"line":450,"column":20},"end":{"line":450,"column":65}},"206":{"start":{"line":451,"column":30},"end":{"line":454,"column":6}},"207":{"start":{"line":452,"column":25},"end":{"line":452,"column":53}},"208":{"start":{"line":453,"column":6},"end":{"line":453,"column":97}},"209":{"start":{"line":453,"column":66},"end":{"line":453,"column":86}},"210":{"start":{"line":456,"column":20},"end":{"line":457,"column":49}},"211":{"start":{"line":458,"column":22},"end":{"line":460,"column":10}},"212":{"start":{"line":462,"column":29},"end":{"line":462,"column":31}},"213":{"start":{"line":463,"column":4},"end":{"line":476,"column":5}},"214":{"start":{"line":464,"column":22},"end":{"line":464,"column":84}},"215":{"start":{"line":465,"column":22},"end":{"line":465,"column":61}},"216":{"start":{"line":465,"column":42},"end":{"line":465,"column":53}},"217":{"start":{"line":466,"column":25},"end":{"line":466,"column":82}},"218":{"start":{"line":467,"column":22},"end":{"line":469,"column":11}},"219":{"start":{"line":468,"column":46},"end":{"line":468,"column":75}},"220":{"start":{"line":470,"column":6},"end":{"line":475,"column":9}},"221":{"start":{"line":478,"column":4},"end":{"line":487,"column":6}},"222":{"start":{"line":491,"column":22},"end":{"line":491,"column":87}},"223":{"start":{"line":492,"column":21},"end":{"line":492,"column":23}},"224":{"start":{"line":493,"column":4},"end":{"line":497,"column":5}},"225":{"start":{"line":494,"column":22},"end":{"line":494,"column":85}},"226":{"start":{"line":495,"column":20},"end":{"line":495,"column":78}},"227":{"start":{"line":496,"column":6},"end":{"line":496,"column":58}},"228":{"start":{"line":498,"column":4},"end":{"line":498,"column":20}},"229":{"start":{"line":503,"column":16},"end":{"line":503,"column":50}},"230":{"start":{"line":504,"column":13},"end":{"line":504,"column":15}},"231":{"start":{"line":505,"column":2},"end":{"line":507,"column":3}},"232":{"start":{"line":505,"column":15},"end":{"line":505,"column":16}},"233":{"start":{"line":506,"column":4},"end":{"line":506,"column":60}},"234":{"start":{"line":508,"column":2},"end":{"line":508,"column":14}}},"fnMap":{"0":{"name":"(anonymous_0)","decl":{"start":{"line":12,"column":34},"end":{"line":12,"column":35}},"loc":{"start":{"line":12,"column":52},"end":{"line":500,"column":1}},"line":12},"1":{"name":"(anonymous_1)","decl":{"start":{"line":27,"column":25},"end":{"line":27,"column":26}},"loc":{"start":{"line":27,"column":40},"end":{"line":53,"column":3}},"line":27},"2":{"name":"(anonymous_2)","decl":{"start":{"line":56,"column":27},"end":{"line":56,"column":28}},"loc":{"start":{"line":56,"column":42},"end":{"line":61,"column":3}},"line":56},"3":{"name":"(anonymous_3)","decl":{"start":{"line":64,"column":25},"end":{"line":64,"column":26}},"loc":{"start":{"line":64,"column":40},"end":{"line":69,"column":3}},"line":64},"4":{"name":"(anonymous_4)","decl":{"start":{"line":72,"column":31},"end":{"line":72,"column":32}},"loc":{"start":{"line":72,"column":46},"end":{"line":123,"column":3}},"line":72},"5":{"name":"(anonymous_5)","decl":{"start":{"line":126,"column":29},"end":{"line":126,"column":30}},"loc":{"start":{"line":126,"column":44},"end":{"line":176,"column":3}},"line":126},"6":{"name":"(anonymous_6)","decl":{"start":{"line":179,"column":29},"end":{"line":179,"column":30}},"loc":{"start":{"line":179,"column":44},"end":{"line":197,"column":3}},"line":179},"7":{"name":"(anonymous_7)","decl":{"start":{"line":200,"column":24},"end":{"line":200,"column":25}},"loc":{"start":{"line":200,"column":39},"end":{"line":211,"column":3}},"line":200},"8":{"name":"(anonymous_8)","decl":{"start":{"line":214,"column":31},"end":{"line":214,"column":32}},"loc":{"start":{"line":214,"column":46},"end":{"line":230,"column":3}},"line":214},"9":{"name":"(anonymous_9)","decl":{"start":{"line":232,"column":30},"end":{"line":232,"column":31}},"loc":{"start":{"line":232,"column":45},"end":{"line":240,"column":3}},"line":232},"10":{"name":"(anonymous_10)","decl":{"start":{"line":242,"column":30},"end":{"line":242,"column":31}},"loc":{"start":{"line":242,"column":45},"end":{"line":251,"column":3}},"line":242},"11":{"name":"(anonymous_11)","decl":{"start":{"line":253,"column":28},"end":{"line":253,"column":29}},"loc":{"start":{"line":253,"column":43},"end":{"line":260,"column":3}},"line":253},"12":{"name":"(anonymous_12)","decl":{"start":{"line":263,"column":31},"end":{"line":263,"column":32}},"loc":{"start":{"line":263,"column":46},"end":{"line":296,"column":3}},"line":263},"13":{"name":"(anonymous_13)","decl":{"start":{"line":280,"column":17},"end":{"line":280,"column":18}},"loc":{"start":{"line":280,"column":29},"end":{"line":293,"column":5}},"line":280},"14":{"name":"(anonymous_14)","decl":{"start":{"line":298,"column":34},"end":{"line":298,"column":35}},"loc":{"start":{"line":298,"column":49},"end":{"line":333,"column":3}},"line":298},"15":{"name":"(anonymous_15)","decl":{"start":{"line":312,"column":17},"end":{"line":312,"column":18}},"loc":{"start":{"line":312,"column":29},"end":{"line":330,"column":5}},"line":312},"16":{"name":"(anonymous_16)","decl":{"start":{"line":335,"column":33},"end":{"line":335,"column":34}},"loc":{"start":{"line":335,"column":48},"end":{"line":366,"column":3}},"line":335},"17":{"name":"(anonymous_17)","decl":{"start":{"line":349,"column":17},"end":{"line":349,"column":18}},"loc":{"start":{"line":349,"column":29},"end":{"line":363,"column":5}},"line":349},"18":{"name":"(anonymous_18)","decl":{"start":{"line":368,"column":30},"end":{"line":368,"column":31}},"loc":{"start":{"line":368,"column":45},"end":{"line":376,"column":3}},"line":368},"19":{"name":"(anonymous_19)","decl":{"start":{"line":378,"column":29},"end":{"line":378,"column":30}},"loc":{"start":{"line":378,"column":44},"end":{"line":386,"column":3}},"line":378},"20":{"name":"(anonymous_20)","decl":{"start":{"line":389,"column":30},"end":{"line":389,"column":31}},"loc":{"start":{"line":389,"column":45},"end":{"line":392,"column":3}},"line":389},"21":{"name":"(anonymous_21)","decl":{"start":{"line":395,"column":27},"end":{"line":395,"column":28}},"loc":{"start":{"line":395,"column":42},"end":{"line":399,"column":3}},"line":395},"22":{"name":"(anonymous_22)","decl":{"start":{"line":402,"column":33},"end":{"line":402,"column":34}},"loc":{"start":{"line":402,"column":48},"end":{"line":427,"column":3}},"line":402},"23":{"name":"computeAnalytics","decl":{"start":{"line":431,"column":17},"end":{"line":431,"column":33}},"loc":{"start":{"line":431,"column":42},"end":{"line":488,"column":3}},"line":431},"24":{"name":"(anonymous_24)","decl":{"start":{"line":442,"column":48},"end":{"line":442,"column":49}},"loc":{"start":{"line":442,"column":53},"end":{"line":442,"column":62}},"line":442},"25":{"name":"(anonymous_25)","decl":{"start":{"line":443,"column":32},"end":{"line":443,"column":33}},"loc":{"start":{"line":443,"column":37},"end":{"line":443,"column":71}},"line":443},"26":{"name":"(anonymous_26)","decl":{"start":{"line":443,"column":78},"end":{"line":443,"column":79}},"loc":{"start":{"line":443,"column":88},"end":{"line":443,"column":93}},"line":443},"27":{"name":"(anonymous_27)","decl":{"start":{"line":444,"column":35},"end":{"line":444,"column":36}},"loc":{"start":{"line":444,"column":45},"end":{"line":444,"column":50}},"line":444},"28":{"name":"(anonymous_28)","decl":{"start":{"line":446,"column":38},"end":{"line":446,"column":39}},"loc":{"start":{"line":446,"column":43},"end":{"line":446,"column":51}},"line":446},"29":{"name":"(anonymous_29)","decl":{"start":{"line":448,"column":52},"end":{"line":448,"column":53}},"loc":{"start":{"line":448,"column":62},"end":{"line":448,"column":91}},"line":448},"30":{"name":"(anonymous_30)","decl":{"start":{"line":451,"column":42},"end":{"line":451,"column":43}},"loc":{"start":{"line":451,"column":51},"end":{"line":454,"column":5}},"line":451},"31":{"name":"(anonymous_31)","decl":{"start":{"line":453,"column":61},"end":{"line":453,"column":62}},"loc":{"start":{"line":453,"column":66},"end":{"line":453,"column":86}},"line":453},"32":{"name":"(anonymous_32)","decl":{"start":{"line":465,"column":37},"end":{"line":465,"column":38}},"loc":{"start":{"line":465,"column":42},"end":{"line":465,"column":53}},"line":465},"33":{"name":"(anonymous_33)","decl":{"start":{"line":468,"column":36},"end":{"line":468,"column":37}},"loc":{"start":{"line":468,"column":46},"end":{"line":468,"column":75}},"line":468},"34":{"name":"buildVersionSnapshot","decl":{"start":{"line":490,"column":17},"end":{"line":490,"column":37}},"loc":{"start":{"line":490,"column":49},"end":{"line":499,"column":3}},"line":490},"35":{"name":"generateShareCode","decl":{"start":{"line":502,"column":9},"end":{"line":502,"column":26}},"loc":{"start":{"line":502,"column":29},"end":{"line":509,"column":1}},"line":502}},"branchMap":{"0":{"loc":{"start":{"line":30,"column":4},"end":{"line":30,"column":56}},"type":"if","locations":[{"start":{"line":30,"column":4},"end":{"line":30,"column":56}},{"start":{},"end":{}}],"line":30},"1":{"loc":{"start":{"line":34,"column":4},"end":{"line":34,"column":71}},"type":"if","locations":[{"start":{"line":34,"column":4},"end":{"line":34,"column":71}},{"start":{},"end":{}}],"line":34},"2":{"loc":{"start":{"line":39,"column":4},"end":{"line":41,"column":5}},"type":"if","locations":[{"start":{"line":39,"column":4},"end":{"line":41,"column":5}},{"start":{},"end":{}}],"line":39},"3":{"loc":{"start":{"line":39,"column":8},"end":{"line":39,"column":35}},"type":"binary-expr","locations":[{"start":{"line":39,"column":8},"end":{"line":39,"column":15}},{"start":{"line":39,"column":19},"end":{"line":39,"column":35}}],"line":39},"4":{"loc":{"start":{"line":43,"column":22},"end":{"line":43,"column":59}},"type":"binary-expr","locations":[{"start":{"line":43,"column":22},"end":{"line":43,"column":36}},{"start":{"line":43,"column":40},"end":{"line":43,"column":59}}],"line":43},"5":{"loc":{"start":{"line":75,"column":4},"end":{"line":75,"column":56}},"type":"if","locations":[{"start":{"line":75,"column":4},"end":{"line":75,"column":56}},{"start":{},"end":{}}],"line":75},"6":{"loc":{"start":{"line":83,"column":4},"end":{"line":89,"column":5}},"type":"if","locations":[{"start":{"line":83,"column":4},"end":{"line":89,"column":5}},{"start":{},"end":{}}],"line":83},"7":{"loc":{"start":{"line":99,"column":4},"end":{"line":118,"column":5}},"type":"if","locations":[{"start":{"line":99,"column":4},"end":{"line":118,"column":5}},{"start":{},"end":{}}],"line":99},"8":{"loc":{"start":{"line":128,"column":21},"end":{"line":128,"column":45}},"type":"binary-expr","locations":[{"start":{"line":128,"column":21},"end":{"line":128,"column":37}},{"start":{"line":128,"column":41},"end":{"line":128,"column":45}}],"line":128},"9":{"loc":{"start":{"line":132,"column":6},"end":{"line":136,"column":7}},"type":"if","locations":[{"start":{"line":132,"column":6},"end":{"line":136,"column":7}},{"start":{"line":134,"column":13},"end":{"line":136,"column":7}}],"line":132},"10":{"loc":{"start":{"line":148,"column":26},"end":{"line":148,"column":56}},"type":"binary-expr","locations":[{"start":{"line":148,"column":26},"end":{"line":148,"column":40}},{"start":{"line":148,"column":44},"end":{"line":148,"column":56}}],"line":148},"11":{"loc":{"start":{"line":149,"column":24},"end":{"line":149,"column":48}},"type":"binary-expr","locations":[{"start":{"line":149,"column":24},"end":{"line":149,"column":36}},{"start":{"line":149,"column":40},"end":{"line":149,"column":48}}],"line":149},"12":{"loc":{"start":{"line":151,"column":20},"end":{"line":151,"column":33}},"type":"binary-expr","locations":[{"start":{"line":151,"column":20},"end":{"line":151,"column":28}},{"start":{"line":151,"column":32},"end":{"line":151,"column":33}}],"line":151},"13":{"loc":{"start":{"line":155,"column":10},"end":{"line":165,"column":11}},"type":"if","locations":[{"start":{"line":155,"column":10},"end":{"line":165,"column":11}},{"start":{},"end":{}}],"line":155},"14":{"loc":{"start":{"line":160,"column":28},"end":{"line":160,"column":72}},"type":"binary-expr","locations":[{"start":{"line":160,"column":28},"end":{"line":160,"column":45}},{"start":{"line":160,"column":49},"end":{"line":160,"column":72}}],"line":160},"15":{"loc":{"start":{"line":161,"column":27},"end":{"line":161,"column":58}},"type":"binary-expr","locations":[{"start":{"line":161,"column":27},"end":{"line":161,"column":49}},{"start":{"line":161,"column":53},"end":{"line":161,"column":58}}],"line":161},"16":{"loc":{"start":{"line":183,"column":4},"end":{"line":183,"column":62}},"type":"if","locations":[{"start":{"line":183,"column":4},"end":{"line":183,"column":62}},{"start":{},"end":{}}],"line":183},"17":{"loc":{"start":{"line":193,"column":4},"end":{"line":195,"column":5}},"type":"if","locations":[{"start":{"line":193,"column":4},"end":{"line":195,"column":5}},{"start":{},"end":{}}],"line":193},"18":{"loc":{"start":{"line":205,"column":16},"end":{"line":205,"column":31}},"type":"binary-expr","locations":[{"start":{"line":205,"column":16},"end":{"line":205,"column":23}},{"start":{"line":205,"column":27},"end":{"line":205,"column":31}}],"line":205},"19":{"loc":{"start":{"line":206,"column":15},"end":{"line":206,"column":29}},"type":"binary-expr","locations":[{"start":{"line":206,"column":15},"end":{"line":206,"column":21}},{"start":{"line":206,"column":25},"end":{"line":206,"column":29}}],"line":206},"20":{"loc":{"start":{"line":207,"column":15},"end":{"line":207,"column":30}},"type":"binary-expr","locations":[{"start":{"line":207,"column":15},"end":{"line":207,"column":22}},{"start":{"line":207,"column":26},"end":{"line":207,"column":30}}],"line":207},"21":{"loc":{"start":{"line":222,"column":16},"end":{"line":222,"column":40}},"type":"binary-expr","locations":[{"start":{"line":222,"column":16},"end":{"line":222,"column":32}},{"start":{"line":222,"column":36},"end":{"line":222,"column":40}}],"line":222},"22":{"loc":{"start":{"line":226,"column":23},"end":{"line":226,"column":45}},"type":"binary-expr","locations":[{"start":{"line":226,"column":23},"end":{"line":226,"column":38}},{"start":{"line":226,"column":42},"end":{"line":226,"column":45}}],"line":226},"23":{"loc":{"start":{"line":245,"column":21},"end":{"line":245,"column":52}},"type":"binary-expr","locations":[{"start":{"line":245,"column":21},"end":{"line":245,"column":47}},{"start":{"line":245,"column":51},"end":{"line":245,"column":52}}],"line":245},"24":{"loc":{"start":{"line":269,"column":16},"end":{"line":269,"column":40}},"type":"binary-expr","locations":[{"start":{"line":269,"column":16},"end":{"line":269,"column":32}},{"start":{"line":269,"column":36},"end":{"line":269,"column":40}}],"line":269},"25":{"loc":{"start":{"line":273,"column":18},"end":{"line":273,"column":40}},"type":"binary-expr","locations":[{"start":{"line":273,"column":18},"end":{"line":273,"column":28}},{"start":{"line":273,"column":32},"end":{"line":273,"column":40}}],"line":273},"26":{"loc":{"start":{"line":274,"column":21},"end":{"line":274,"column":31}},"type":"binary-expr","locations":[{"start":{"line":274,"column":21},"end":{"line":274,"column":26}},{"start":{"line":274,"column":30},"end":{"line":274,"column":31}}],"line":274},"27":{"loc":{"start":{"line":282,"column":67},"end":{"line":282,"column":89}},"type":"binary-expr","locations":[{"start":{"line":282,"column":67},"end":{"line":282,"column":77}},{"start":{"line":282,"column":81},"end":{"line":282,"column":89}}],"line":282},"28":{"loc":{"start":{"line":282,"column":91},"end":{"line":282,"column":101}},"type":"binary-expr","locations":[{"start":{"line":282,"column":91},"end":{"line":282,"column":96}},{"start":{"line":282,"column":100},"end":{"line":282,"column":101}}],"line":282},"29":{"loc":{"start":{"line":304,"column":16},"end":{"line":304,"column":40}},"type":"binary-expr","locations":[{"start":{"line":304,"column":16},"end":{"line":304,"column":32}},{"start":{"line":304,"column":36},"end":{"line":304,"column":40}}],"line":304},"30":{"loc":{"start":{"line":317,"column":10},"end":{"line":317,"column":35}},"type":"if","locations":[{"start":{"line":317,"column":10},"end":{"line":317,"column":35}},{"start":{},"end":{}}],"line":317},"31":{"loc":{"start":{"line":341,"column":16},"end":{"line":341,"column":40}},"type":"binary-expr","locations":[{"start":{"line":341,"column":16},"end":{"line":341,"column":32}},{"start":{"line":341,"column":36},"end":{"line":341,"column":40}}],"line":341},"32":{"loc":{"start":{"line":405,"column":4},"end":{"line":405,"column":62}},"type":"if","locations":[{"start":{"line":405,"column":4},"end":{"line":405,"column":62}},{"start":{},"end":{}}],"line":405},"33":{"loc":{"start":{"line":406,"column":4},"end":{"line":406,"column":98}},"type":"if","locations":[{"start":{"line":406,"column":4},"end":{"line":406,"column":98}},{"start":{},"end":{}}],"line":406},"34":{"loc":{"start":{"line":435,"column":4},"end":{"line":440,"column":5}},"type":"if","locations":[{"start":{"line":435,"column":4},"end":{"line":440,"column":5}},{"start":{},"end":{}}],"line":435},"35":{"loc":{"start":{"line":443,"column":48},"end":{"line":443,"column":70}},"type":"binary-expr","locations":[{"start":{"line":443,"column":48},"end":{"line":443,"column":65}},{"start":{"line":443,"column":69},"end":{"line":443,"column":70}}],"line":443},"36":{"loc":{"start":{"line":448,"column":67},"end":{"line":448,"column":90}},"type":"binary-expr","locations":[{"start":{"line":448,"column":67},"end":{"line":448,"column":85}},{"start":{"line":448,"column":89},"end":{"line":448,"column":90}}],"line":448},"37":{"loc":{"start":{"line":453,"column":66},"end":{"line":453,"column":86}},"type":"binary-expr","locations":[{"start":{"line":453,"column":66},"end":{"line":453,"column":74}},{"start":{"line":453,"column":78},"end":{"line":453,"column":86}}],"line":453},"38":{"loc":{"start":{"line":458,"column":22},"end":{"line":460,"column":10}},"type":"cond-expr","locations":[{"start":{"line":459,"column":8},"end":{"line":459,"column":74}},{"start":{"line":460,"column":8},"end":{"line":460,"column":10}}],"line":458},"39":{"loc":{"start":{"line":466,"column":25},"end":{"line":466,"column":82}},"type":"cond-expr","locations":[{"start":{"line":466,"column":46},"end":{"line":466,"column":78}},{"start":{"line":466,"column":81},"end":{"line":466,"column":82}}],"line":466},"40":{"loc":{"start":{"line":467,"column":22},"end":{"line":469,"column":11}},"type":"cond-expr","locations":[{"start":{"line":468,"column":10},"end":{"line":468,"column":97}},{"start":{"line":469,"column":10},"end":{"line":469,"column":11}}],"line":467},"41":{"loc":{"start":{"line":468,"column":51},"end":{"line":468,"column":74}},"type":"binary-expr","locations":[{"start":{"line":468,"column":51},"end":{"line":468,"column":69}},{"start":{"line":468,"column":73},"end":{"line":468,"column":74}}],"line":468}},"s":{"0":0,"1":0,"2":0,"3":0,"4":0,"5":0,"6":0,"7":0,"8":0,"9":0,"10":0,"11":0,"12":0,"13":0,"14":0,"15":0,"16":0,"17":0,"18":0,"19":0,"20":0,"21":0,"22":0,"23":0,"24":0,"25":0,"26":0,"27":0,"28":0,"29":0,"30":0,"31":0,"32":0,"33":0,"34":0,"35":0,"36":0,"37":0,"38":0,"39":0,"40":0,"41":0,"42":0,"43":0,"44":0,"45":0,"46":0,"47":0,"48":0,"49":0,"50":0,"51":0,"52":0,"53":0,"54":0,"55":0,"56":0,"57":0,"58":0,"59":0,"60":0,"61":0,"62":0,"63":0,"64":0,"65":0,"66":0,"67":0,"68":0,"69":0,"70":0,"71":0,"72":0,"73":0,"74":0,"75":0,"76":0,"77":0,"78":0,"79":0,"80":0,"81":0,"82":0,"83":0,"84":0,"85":0,"86":0,"87":0,"88":0,"89":0,"90":0,"91":0,"92":0,"93":0,"94":0,"95":0,"96":0,"97":0,"98":0,"99":0,"100":0,"101":0,"102":0,"103":0,"104":0,"105":0,"106":0,"107":0,"108":0,"109":0,"110":0,"111":0,"112":0,"113":0,"114":0,"115":0,"116":0,"117":0,"118":0,"119":0,"120":0,"121":0,"122":0,"123":0,"124":0,"125":0,"126":0,"127":0,"128":0,"129":0,"130":0,"131":0,"132":0,"133":0,"134":0,"135":0,"136":0,"137":0,"138":0,"139":0,"140":0,"141":0,"142":0,"143":0,"144":0,"145":0,"146":0,"147":0,"148":0,"149":0,"150":0,"151":0,"152":0,"153":0,"154":0,"155":0,"156":0,"157":0,"158":0,"159":0,"160":0,"161":0,"162":0,"163":0,"164":0,"165":0,"166":0,"167":0,"168":0,"169":0,"170":0,"171":0,"172":0,"173":0,"174":0,"175":0,"176":0,"177":0,"178":0,"179":0,"180":0,"181":0,"182":0,"183":0,"184":0,"185":0,"186":0,"187":0,"188":0,"189":0,"190":0,"191":0,"192":0,"193":0,"194":0,"195":0,"196":0,"197":0,"198":0,"199":0,"200":0,"201":0,"202":0,"203":0,"204":0,"205":0,"206":0,"207":0,"208":0,"209":0,"210":0,"211":0,"212":0,"213":0,"214":0,"215":0,"216":0,"217":0,"218":0,"219":0,"220":0,"221":0,"222":0,"223":0,"224":0,"225":0,"226":0,"227":0,"228":0,"229":0,"230":0,"231":0,"232":0,"233":0,"234":0},"f":{"0":0,"1":0,"2":0,"3":0,"4":0,"5":0,"6":0,"7":0,"8":0,"9":0,"10":0,"11":0,"12":0,"13":0,"14":0,"15":0,"16":0,"17":0,"18":0,"19":0,"20":0,"21":0,"22":0,"23":0,"24":0,"25":0,"26":0,"27":0,"28":0,"29":0,"30":0,"31":0,"32":0,"33":0,"34":0,"35":0},"b":{"0":[0,0],"1":[0,0],"2":[0,0],"3":[0,0],"4":[0,0],"5":[0,0],"6":[0,0],"7":[0,0],"8":[0,0],"9":[0,0],"10":[0,0],"11":[0,0],"12":[0,0],"13":[0,0],"14":[0,0],"15":[0,0],"16":[0,0],"17":[0,0],"18":[0,0],"19":[0,0],"20":[0,0],"21":[0,0],"22":[0,0],"23":[0,0],"24":[0,0],"25":[0,0],"26":[0,0],"27":[0,0],"28":[0,0],"29":[0,0],"30":[0,0],"31":[0,0],"32":[0,0],"33":[0,0],"34":[0,0],"35":[0,0],"36":[0,0],"37":[0,0],"38":[0,0],"39":[0,0],"40":[0,0],"41":[0,0]}}
,"/home/user/projects/QIUZ-APP/srv/quiz-service.js": {"path":"/home/user/projects/QIUZ-APP/srv/quiz-service.js","statementMap":{"0":{"start":{"line":5,"column":12},"end":{"line":5,"column":31}},"1":{"start":{"line":6,"column":23},"end":{"line":6,"column":38}},"2":{"start":{"line":7,"column":26},"end":{"line":7,"column":66}},"3":{"start":{"line":8,"column":27},"end":{"line":8,"column":65}},"4":{"start":{"line":10,"column":0},"end":{"line":274,"column":3}},"5":{"start":{"line":11,"column":13},"end":{"line":11,"column":39}},"6":{"start":{"line":15,"column":6},"end":{"line":15,"column":29}},"7":{"start":{"line":16,"column":16},"end":{"line":16,"column":34}},"8":{"start":{"line":17,"column":18},"end":{"line":17,"column":37}},"9":{"start":{"line":20,"column":2},"end":{"line":84,"column":5}},"10":{"start":{"line":21,"column":35},"end":{"line":21,"column":43}},"11":{"start":{"line":22,"column":19},"end":{"line":22,"column":30}},"12":{"start":{"line":24,"column":17},"end":{"line":24,"column":90}},"13":{"start":{"line":25,"column":4},"end":{"line":25,"column":73}},"14":{"start":{"line":25,"column":15},"end":{"line":25,"column":73}},"15":{"start":{"line":28,"column":16},"end":{"line":28,"column":26}},"16":{"start":{"line":29,"column":4},"end":{"line":31,"column":5}},"17":{"start":{"line":30,"column":6},"end":{"line":30,"column":57}},"18":{"start":{"line":32,"column":4},"end":{"line":34,"column":5}},"19":{"start":{"line":33,"column":6},"end":{"line":33,"column":65}},"20":{"start":{"line":37,"column":4},"end":{"line":39,"column":5}},"21":{"start":{"line":38,"column":6},"end":{"line":38,"column":52}},"22":{"start":{"line":42,"column":29},"end":{"line":44,"column":36}},"23":{"start":{"line":46,"column":4},"end":{"line":48,"column":5}},"24":{"start":{"line":47,"column":6},"end":{"line":47,"column":83}},"25":{"start":{"line":51,"column":23},"end":{"line":51,"column":77}},"26":{"start":{"line":51,"column":50},"end":{"line":51,"column":76}},"27":{"start":{"line":52,"column":4},"end":{"line":54,"column":5}},"28":{"start":{"line":53,"column":6},"end":{"line":53,"column":124}},"29":{"start":{"line":55,"column":4},"end":{"line":57,"column":5}},"30":{"start":{"line":56,"column":6},"end":{"line":56,"column":89}},"31":{"start":{"line":60,"column":20},"end":{"line":62,"column":36}},"32":{"start":{"line":63,"column":4},"end":{"line":63,"column":71}},"33":{"start":{"line":63,"column":18},"end":{"line":63,"column":71}},"34":{"start":{"line":66,"column":22},"end":{"line":66,"column":30}},"35":{"start":{"line":67,"column":26},"end":{"line":67,"column":53}},"36":{"start":{"line":69,"column":4},"end":{"line":80,"column":7}},"37":{"start":{"line":82,"column":20},"end":{"line":82,"column":80}},"38":{"start":{"line":83,"column":4},"end":{"line":83,"column":119}},"39":{"start":{"line":87,"column":2},"end":{"line":107,"column":5}},"40":{"start":{"line":88,"column":26},"end":{"line":88,"column":34}},"41":{"start":{"line":89,"column":19},"end":{"line":89,"column":30}},"42":{"start":{"line":91,"column":20},"end":{"line":92,"column":71}},"43":{"start":{"line":93,"column":4},"end":{"line":93,"column":68}},"44":{"start":{"line":93,"column":18},"end":{"line":93,"column":68}},"45":{"start":{"line":95,"column":17},"end":{"line":95,"column":78}},"46":{"start":{"line":96,"column":4},"end":{"line":96,"column":56}},"47":{"start":{"line":96,"column":15},"end":{"line":96,"column":56}},"48":{"start":{"line":99,"column":4},"end":{"line":104,"column":5}},"49":{"start":{"line":100,"column":22},"end":{"line":100,"column":81}},"50":{"start":{"line":101,"column":6},"end":{"line":103,"column":7}},"51":{"start":{"line":102,"column":8},"end":{"line":102,"column":47}},"52":{"start":{"line":106,"column":4},"end":{"line":106,"column":119}},"53":{"start":{"line":110,"column":2},"end":{"line":152,"column":5}},"54":{"start":{"line":111,"column":106},"end":{"line":111,"column":114}},"55":{"start":{"line":112,"column":19},"end":{"line":112,"column":30}},"56":{"start":{"line":114,"column":20},"end":{"line":115,"column":71}},"57":{"start":{"line":116,"column":4},"end":{"line":116,"column":73}},"58":{"start":{"line":116,"column":18},"end":{"line":116,"column":73}},"59":{"start":{"line":119,"column":17},"end":{"line":119,"column":78}},"60":{"start":{"line":120,"column":4},"end":{"line":126,"column":5}},"61":{"start":{"line":121,"column":22},"end":{"line":121,"column":81}},"62":{"start":{"line":122,"column":6},"end":{"line":125,"column":7}},"63":{"start":{"line":123,"column":8},"end":{"line":123,"column":40}},"64":{"start":{"line":124,"column":8},"end":{"line":124,"column":73}},"65":{"start":{"line":129,"column":21},"end":{"line":130,"column":64}},"66":{"start":{"line":132,"column":23},"end":{"line":138,"column":5}},"67":{"start":{"line":140,"column":4},"end":{"line":149,"column":5}},"68":{"start":{"line":141,"column":6},"end":{"line":141,"column":78}},"69":{"start":{"line":143,"column":6},"end":{"line":148,"column":9}},"70":{"start":{"line":151,"column":4},"end":{"line":151,"column":27}},"71":{"start":{"line":155,"column":2},"end":{"line":179,"column":5}},"72":{"start":{"line":156,"column":26},"end":{"line":156,"column":34}},"73":{"start":{"line":157,"column":19},"end":{"line":157,"column":30}},"74":{"start":{"line":159,"column":20},"end":{"line":160,"column":71}},"75":{"start":{"line":161,"column":4},"end":{"line":161,"column":68}},"76":{"start":{"line":161,"column":18},"end":{"line":161,"column":68}},"77":{"start":{"line":163,"column":17},"end":{"line":163,"column":78}},"78":{"start":{"line":164,"column":19},"end":{"line":164,"column":56}},"79":{"start":{"line":166,"column":4},"end":{"line":168,"column":7}},"80":{"start":{"line":170,"column":4},"end":{"line":178,"column":6}},"81":{"start":{"line":182,"column":2},"end":{"line":193,"column":5}},"82":{"start":{"line":183,"column":38},"end":{"line":183,"column":46}},"83":{"start":{"line":184,"column":17},"end":{"line":185,"column":48}},"84":{"start":{"line":186,"column":4},"end":{"line":186,"column":56}},"85":{"start":{"line":186,"column":15},"end":{"line":186,"column":56}},"86":{"start":{"line":188,"column":4},"end":{"line":190,"column":5}},"87":{"start":{"line":189,"column":6},"end":{"line":189,"column":52}},"88":{"start":{"line":192,"column":4},"end":{"line":192,"column":50}},"89":{"start":{"line":196,"column":2},"end":{"line":227,"column":5}},"90":{"start":{"line":197,"column":38},"end":{"line":197,"column":46}},"91":{"start":{"line":198,"column":19},"end":{"line":198,"column":30}},"92":{"start":{"line":200,"column":20},"end":{"line":201,"column":78}},"93":{"start":{"line":202,"column":4},"end":{"line":202,"column":71}},"94":{"start":{"line":202,"column":18},"end":{"line":202,"column":71}},"95":{"start":{"line":204,"column":18},"end":{"line":206,"column":40}},"96":{"start":{"line":207,"column":4},"end":{"line":209,"column":5}},"97":{"start":{"line":208,"column":6},"end":{"line":208,"column":48}},"98":{"start":{"line":211,"column":21},"end":{"line":212,"column":57}},"99":{"start":{"line":213,"column":4},"end":{"line":215,"column":5}},"100":{"start":{"line":214,"column":6},"end":{"line":214,"column":67}},"101":{"start":{"line":217,"column":26},"end":{"line":217,"column":34}},"102":{"start":{"line":218,"column":4},"end":{"line":224,"column":7}},"103":{"start":{"line":226,"column":4},"end":{"line":226,"column":52}},"104":{"start":{"line":232,"column":22},"end":{"line":232,"column":100}},"105":{"start":{"line":233,"column":20},"end":{"line":233,"column":87}},"106":{"start":{"line":235,"column":21},"end":{"line":235,"column":22}},"107":{"start":{"line":236,"column":27},"end":{"line":236,"column":28}},"108":{"start":{"line":238,"column":4},"end":{"line":251,"column":5}},"109":{"start":{"line":239,"column":6},"end":{"line":239,"column":59}},"110":{"start":{"line":240,"column":21},"end":{"line":240,"column":69}},"111":{"start":{"line":240,"column":39},"end":{"line":240,"column":68}},"112":{"start":{"line":241,"column":6},"end":{"line":241,"column":28}},"113":{"start":{"line":241,"column":19},"end":{"line":241,"column":28}},"114":{"start":{"line":243,"column":22},"end":{"line":243,"column":92}},"115":{"start":{"line":244,"column":21},"end":{"line":244,"column":113}},"116":{"start":{"line":246,"column":6},"end":{"line":246,"column":41}},"117":{"start":{"line":247,"column":6},"end":{"line":250,"column":9}},"118":{"start":{"line":253,"column":4},"end":{"line":253,"column":41}},"119":{"start":{"line":254,"column":28},"end":{"line":254,"column":92}},"120":{"start":{"line":255,"column":19},"end":{"line":255,"column":75}},"121":{"start":{"line":256,"column":29},"end":{"line":256,"column":100}},"122":{"start":{"line":258,"column":4},"end":{"line":266,"column":7}},"123":{"start":{"line":268,"column":4},"end":{"line":268,"column":128}},"124":{"start":{"line":272,"column":4},"end":{"line":272,"column":49}},"125":{"start":{"line":278,"column":18},"end":{"line":278,"column":91}},"126":{"start":{"line":279,"column":18},"end":{"line":279,"column":106}},"127":{"start":{"line":281,"column":2},"end":{"line":283,"column":3}},"128":{"start":{"line":282,"column":4},"end":{"line":282,"column":40}},"129":{"start":{"line":285,"column":24},"end":{"line":285,"column":26}},"130":{"start":{"line":286,"column":2},"end":{"line":316,"column":3}},"131":{"start":{"line":287,"column":18},"end":{"line":287,"column":103}},"132":{"start":{"line":289,"column":4},"end":{"line":291,"column":5}},"133":{"start":{"line":290,"column":6},"end":{"line":290,"column":38}},"134":{"start":{"line":293,"column":24},"end":{"line":294,"column":59}},"135":{"start":{"line":296,"column":4},"end":{"line":315,"column":7}},"136":{"start":{"line":303,"column":33},"end":{"line":308,"column":7}},"137":{"start":{"line":310,"column":82},"end":{"line":312,"column":11}},"138":{"start":{"line":318,"column":2},"end":{"line":324,"column":4}},"139":{"start":{"line":328,"column":14},"end":{"line":328,"column":24}},"140":{"start":{"line":329,"column":2},"end":{"line":332,"column":3}},"141":{"start":{"line":329,"column":15},"end":{"line":329,"column":29}},"142":{"start":{"line":330,"column":14},"end":{"line":330,"column":49}},"143":{"start":{"line":331,"column":4},"end":{"line":331,"column":40}},"144":{"start":{"line":333,"column":2},"end":{"line":333,"column":13}}},"fnMap":{"0":{"name":"(anonymous_0)","decl":{"start":{"line":10,"column":34},"end":{"line":10,"column":35}},"loc":{"start":{"line":10,"column":52},"end":{"line":274,"column":1}},"line":10},"1":{"name":"(anonymous_1)","decl":{"start":{"line":20,"column":26},"end":{"line":20,"column":27}},"loc":{"start":{"line":20,"column":41},"end":{"line":84,"column":3}},"line":20},"2":{"name":"(anonymous_2)","decl":{"start":{"line":51,"column":45},"end":{"line":51,"column":46}},"loc":{"start":{"line":51,"column":50},"end":{"line":51,"column":76}},"line":51},"3":{"name":"(anonymous_3)","decl":{"start":{"line":87,"column":27},"end":{"line":87,"column":28}},"loc":{"start":{"line":87,"column":42},"end":{"line":107,"column":3}},"line":87},"4":{"name":"(anonymous_4)","decl":{"start":{"line":110,"column":24},"end":{"line":110,"column":25}},"loc":{"start":{"line":110,"column":39},"end":{"line":152,"column":3}},"line":110},"5":{"name":"(anonymous_5)","decl":{"start":{"line":155,"column":27},"end":{"line":155,"column":28}},"loc":{"start":{"line":155,"column":42},"end":{"line":179,"column":3}},"line":155},"6":{"name":"(anonymous_6)","decl":{"start":{"line":182,"column":24},"end":{"line":182,"column":25}},"loc":{"start":{"line":182,"column":39},"end":{"line":193,"column":3}},"line":182},"7":{"name":"(anonymous_7)","decl":{"start":{"line":196,"column":29},"end":{"line":196,"column":30}},"loc":{"start":{"line":196,"column":44},"end":{"line":227,"column":3}},"line":196},"8":{"name":"gradeAndFinalize","decl":{"start":{"line":231,"column":17},"end":{"line":231,"column":33}},"loc":{"start":{"line":231,"column":49},"end":{"line":269,"column":3}},"line":231},"9":{"name":"(anonymous_9)","decl":{"start":{"line":240,"column":34},"end":{"line":240,"column":35}},"loc":{"start":{"line":240,"column":39},"end":{"line":240,"column":68}},"line":240},"10":{"name":"autoSubmit","decl":{"start":{"line":271,"column":17},"end":{"line":271,"column":27}},"loc":{"start":{"line":271,"column":43},"end":{"line":273,"column":3}},"line":271},"11":{"name":"buildAttemptView","decl":{"start":{"line":277,"column":15},"end":{"line":277,"column":31}},"loc":{"start":{"line":277,"column":117},"end":{"line":325,"column":1}},"line":277},"12":{"name":"(anonymous_12)","decl":{"start":{"line":303,"column":27},"end":{"line":303,"column":28}},"loc":{"start":{"line":303,"column":33},"end":{"line":308,"column":7}},"line":303},"13":{"name":"(anonymous_13)","decl":{"start":{"line":310,"column":75},"end":{"line":310,"column":76}},"loc":{"start":{"line":310,"column":82},"end":{"line":312,"column":11}},"line":310},"14":{"name":"shuffleArray","decl":{"start":{"line":327,"column":9},"end":{"line":327,"column":21}},"loc":{"start":{"line":327,"column":29},"end":{"line":334,"column":1}},"line":327}},"branchMap":{"0":{"loc":{"start":{"line":25,"column":4},"end":{"line":25,"column":73}},"type":"if","locations":[{"start":{"line":25,"column":4},"end":{"line":25,"column":73}},{"start":{},"end":{}}],"line":25},"1":{"loc":{"start":{"line":29,"column":4},"end":{"line":31,"column":5}},"type":"if","locations":[{"start":{"line":29,"column":4},"end":{"line":31,"column":5}},{"start":{},"end":{}}],"line":29},"2":{"loc":{"start":{"line":29,"column":8},"end":{"line":29,"column":66}},"type":"binary-expr","locations":[{"start":{"line":29,"column":8},"end":{"line":29,"column":27}},{"start":{"line":29,"column":31},"end":{"line":29,"column":66}}],"line":29},"3":{"loc":{"start":{"line":32,"column":4},"end":{"line":34,"column":5}},"type":"if","locations":[{"start":{"line":32,"column":4},"end":{"line":34,"column":5}},{"start":{},"end":{}}],"line":32},"4":{"loc":{"start":{"line":32,"column":8},"end":{"line":32,"column":62}},"type":"binary-expr","locations":[{"start":{"line":32,"column":8},"end":{"line":32,"column":25}},{"start":{"line":32,"column":29},"end":{"line":32,"column":62}}],"line":32},"5":{"loc":{"start":{"line":37,"column":4},"end":{"line":39,"column":5}},"type":"if","locations":[{"start":{"line":37,"column":4},"end":{"line":39,"column":5}},{"start":{},"end":{}}],"line":37},"6":{"loc":{"start":{"line":37,"column":8},"end":{"line":37,"column":65}},"type":"binary-expr","locations":[{"start":{"line":37,"column":8},"end":{"line":37,"column":31}},{"start":{"line":37,"column":35},"end":{"line":37,"column":65}}],"line":37},"7":{"loc":{"start":{"line":46,"column":4},"end":{"line":48,"column":5}},"type":"if","locations":[{"start":{"line":46,"column":4},"end":{"line":48,"column":5}},{"start":{},"end":{}}],"line":46},"8":{"loc":{"start":{"line":46,"column":8},"end":{"line":46,"column":83}},"type":"binary-expr","locations":[{"start":{"line":46,"column":8},"end":{"line":46,"column":32}},{"start":{"line":46,"column":36},"end":{"line":46,"column":83}}],"line":46},"9":{"loc":{"start":{"line":52,"column":4},"end":{"line":54,"column":5}},"type":"if","locations":[{"start":{"line":52,"column":4},"end":{"line":54,"column":5}},{"start":{},"end":{}}],"line":52},"10":{"loc":{"start":{"line":52,"column":8},"end":{"line":52,"column":38}},"type":"binary-expr","locations":[{"start":{"line":52,"column":8},"end":{"line":52,"column":18}},{"start":{"line":52,"column":22},"end":{"line":52,"column":38}}],"line":52},"11":{"loc":{"start":{"line":55,"column":4},"end":{"line":57,"column":5}},"type":"if","locations":[{"start":{"line":55,"column":4},"end":{"line":57,"column":5}},{"start":{},"end":{}}],"line":55},"12":{"loc":{"start":{"line":63,"column":4},"end":{"line":63,"column":71}},"type":"if","locations":[{"start":{"line":63,"column":4},"end":{"line":63,"column":71}},{"start":{},"end":{}}],"line":63},"13":{"loc":{"start":{"line":78,"column":17},"end":{"line":78,"column":62}},"type":"binary-expr","locations":[{"start":{"line":78,"column":17},"end":{"line":78,"column":49}},{"start":{"line":78,"column":53},"end":{"line":78,"column":62}}],"line":78},"14":{"loc":{"start":{"line":79,"column":17},"end":{"line":79,"column":57}},"type":"binary-expr","locations":[{"start":{"line":79,"column":17},"end":{"line":79,"column":44}},{"start":{"line":79,"column":48},"end":{"line":79,"column":57}}],"line":79},"15":{"loc":{"start":{"line":93,"column":4},"end":{"line":93,"column":68}},"type":"if","locations":[{"start":{"line":93,"column":4},"end":{"line":93,"column":68}},{"start":{},"end":{}}],"line":93},"16":{"loc":{"start":{"line":96,"column":4},"end":{"line":96,"column":56}},"type":"if","locations":[{"start":{"line":96,"column":4},"end":{"line":96,"column":56}},{"start":{},"end":{}}],"line":96},"17":{"loc":{"start":{"line":99,"column":4},"end":{"line":104,"column":5}},"type":"if","locations":[{"start":{"line":99,"column":4},"end":{"line":104,"column":5}},{"start":{},"end":{}}],"line":99},"18":{"loc":{"start":{"line":101,"column":6},"end":{"line":103,"column":7}},"type":"if","locations":[{"start":{"line":101,"column":6},"end":{"line":103,"column":7}},{"start":{},"end":{}}],"line":101},"19":{"loc":{"start":{"line":116,"column":4},"end":{"line":116,"column":73}},"type":"if","locations":[{"start":{"line":116,"column":4},"end":{"line":116,"column":73}},{"start":{},"end":{}}],"line":116},"20":{"loc":{"start":{"line":120,"column":4},"end":{"line":126,"column":5}},"type":"if","locations":[{"start":{"line":120,"column":4},"end":{"line":126,"column":5}},{"start":{},"end":{}}],"line":120},"21":{"loc":{"start":{"line":122,"column":6},"end":{"line":125,"column":7}},"type":"if","locations":[{"start":{"line":122,"column":6},"end":{"line":125,"column":7}},{"start":{},"end":{}}],"line":122},"22":{"loc":{"start":{"line":133,"column":23},"end":{"line":133,"column":79}},"type":"cond-expr","locations":[{"start":{"line":133,"column":41},"end":{"line":133,"column":72}},{"start":{"line":133,"column":75},"end":{"line":133,"column":79}}],"line":133},"23":{"loc":{"start":{"line":136,"column":24},"end":{"line":136,"column":45}},"type":"binary-expr","locations":[{"start":{"line":136,"column":24},"end":{"line":136,"column":40}},{"start":{"line":136,"column":44},"end":{"line":136,"column":45}}],"line":136},"24":{"loc":{"start":{"line":140,"column":4},"end":{"line":149,"column":5}},"type":"if","locations":[{"start":{"line":140,"column":4},"end":{"line":149,"column":5}},{"start":{"line":142,"column":11},"end":{"line":149,"column":5}}],"line":140},"25":{"loc":{"start":{"line":161,"column":4},"end":{"line":161,"column":68}},"type":"if","locations":[{"start":{"line":161,"column":4},"end":{"line":161,"column":68}},{"start":{},"end":{}}],"line":161},"26":{"loc":{"start":{"line":186,"column":4},"end":{"line":186,"column":56}},"type":"if","locations":[{"start":{"line":186,"column":4},"end":{"line":186,"column":56}},{"start":{},"end":{}}],"line":186},"27":{"loc":{"start":{"line":188,"column":4},"end":{"line":190,"column":5}},"type":"if","locations":[{"start":{"line":188,"column":4},"end":{"line":190,"column":5}},{"start":{},"end":{}}],"line":188},"28":{"loc":{"start":{"line":188,"column":8},"end":{"line":188,"column":65}},"type":"binary-expr","locations":[{"start":{"line":188,"column":8},"end":{"line":188,"column":31}},{"start":{"line":188,"column":35},"end":{"line":188,"column":65}}],"line":188},"29":{"loc":{"start":{"line":202,"column":4},"end":{"line":202,"column":71}},"type":"if","locations":[{"start":{"line":202,"column":4},"end":{"line":202,"column":71}},{"start":{},"end":{}}],"line":202},"30":{"loc":{"start":{"line":207,"column":4},"end":{"line":209,"column":5}},"type":"if","locations":[{"start":{"line":207,"column":4},"end":{"line":209,"column":5}},{"start":{},"end":{}}],"line":207},"31":{"loc":{"start":{"line":213,"column":4},"end":{"line":215,"column":5}},"type":"if","locations":[{"start":{"line":213,"column":4},"end":{"line":215,"column":5}},{"start":{},"end":{}}],"line":213},"32":{"loc":{"start":{"line":222,"column":16},"end":{"line":222,"column":39}},"type":"binary-expr","locations":[{"start":{"line":222,"column":16},"end":{"line":222,"column":24}},{"start":{"line":222,"column":28},"end":{"line":222,"column":39}}],"line":222},"33":{"loc":{"start":{"line":239,"column":37},"end":{"line":239,"column":57}},"type":"binary-expr","locations":[{"start":{"line":239,"column":37},"end":{"line":239,"column":52}},{"start":{"line":239,"column":56},"end":{"line":239,"column":57}}],"line":239},"34":{"loc":{"start":{"line":241,"column":6},"end":{"line":241,"column":28}},"type":"if","locations":[{"start":{"line":241,"column":6},"end":{"line":241,"column":28}},{"start":{},"end":{}}],"line":241},"35":{"loc":{"start":{"line":254,"column":28},"end":{"line":254,"column":92}},"type":"cond-expr","locations":[{"start":{"line":254,"column":51},"end":{"line":254,"column":88}},{"start":{"line":254,"column":91},"end":{"line":254,"column":92}}],"line":254},"36":{"loc":{"start":{"line":255,"column":49},"end":{"line":255,"column":74}},"type":"binary-expr","locations":[{"start":{"line":255,"column":49},"end":{"line":255,"column":69}},{"start":{"line":255,"column":73},"end":{"line":255,"column":74}}],"line":255},"37":{"loc":{"start":{"line":281,"column":2},"end":{"line":283,"column":3}},"type":"if","locations":[{"start":{"line":281,"column":2},"end":{"line":283,"column":3}},{"start":{},"end":{}}],"line":281},"38":{"loc":{"start":{"line":289,"column":4},"end":{"line":291,"column":5}},"type":"if","locations":[{"start":{"line":289,"column":4},"end":{"line":291,"column":5}},{"start":{},"end":{}}],"line":289},"39":{"loc":{"start":{"line":289,"column":8},"end":{"line":289,"column":64}},"type":"binary-expr","locations":[{"start":{"line":289,"column":8},"end":{"line":289,"column":29}},{"start":{"line":289,"column":33},"end":{"line":289,"column":64}}],"line":289},"40":{"loc":{"start":{"line":309,"column":18},"end":{"line":313,"column":12}},"type":"cond-expr","locations":[{"start":{"line":310,"column":10},"end":{"line":312,"column":13}},{"start":{"line":313,"column":10},"end":{"line":313,"column":12}}],"line":309},"41":{"loc":{"start":{"line":314,"column":19},"end":{"line":314,"column":130}},"type":"cond-expr","locations":[{"start":{"line":314,"column":34},"end":{"line":314,"column":122}},{"start":{"line":314,"column":126},"end":{"line":314,"column":130}}],"line":314},"42":{"loc":{"start":{"line":314,"column":34},"end":{"line":314,"column":122}},"type":"binary-expr","locations":[{"start":{"line":314,"column":34},"end":{"line":314,"column":61}},{"start":{"line":314,"column":65},"end":{"line":314,"column":92}},{"start":{"line":314,"column":96},"end":{"line":314,"column":122}}],"line":314}},"s":{"0":0,"1":0,"2":0,"3":0,"4":0,"5":0,"6":0,"7":0,"8":0,"9":0,"10":0,"11":0,"12":0,"13":0,"14":0,"15":0,"16":0,"17":0,"18":0,"19":0,"20":0,"21":0,"22":0,"23":0,"24":0,"25":0,"26":0,"27":0,"28":0,"29":0,"30":0,"31":0,"32":0,"33":0,"34":0,"35":0,"36":0,"37":0,"38":0,"39":0,"40":0,"41":0,"42":0,"43":0,"44":0,"45":0,"46":0,"47":0,"48":0,"49":0,"50":0,"51":0,"52":0,"53":0,"54":0,"55":0,"56":0,"57":0,"58":0,"59":0,"60":0,"61":0,"62":0,"63":0,"64":0,"65":0,"66":0,"67":0,"68":0,"69":0,"70":0,"71":0,"72":0,"73":0,"74":0,"75":0,"76":0,"77":0,"78":0,"79":0,"80":0,"81":0,"82":0,"83":0,"84":0,"85":0,"86":0,"87":0,"88":0,"89":0,"90":0,"91":0,"92":0,"93":0,"94":0,"95":0,"96":0,"97":0,"98":0,"99":0,"100":0,"101":0,"102":0,"103":0,"104":0,"105":0,"106":0,"107":0,"108":0,"109":0,"110":0,"111":0,"112":0,"113":0,"114":0,"115":0,"116":0,"117":0,"118":0,"119":0,"120":0,"121":0,"122":0,"123":0,"124":0,"125":0,"126":0,"127":0,"128":0,"129":0,"130":0,"131":0,"132":0,"133":0,"134":0,"135":0,"136":0,"137":0,"138":0,"139":0,"140":0,"141":0,"142":0,"143":0,"144":0},"f":{"0":0,"1":0,"2":0,"3":0,"4":0,"5":0,"6":0,"7":0,"8":0,"9":0,"10":0,"11":0,"12":0,"13":0,"14":0},"b":{"0":[0,0],"1":[0,0],"2":[0,0],"3":[0,0],"4":[0,0],"5":[0,0],"6":[0,0],"7":[0,0],"8":[0,0],"9":[0,0],"10":[0,0],"11":[0,0],"12":[0,0],"13":[0,0],"14":[0,0],"15":[0,0],"16":[0,0],"17":[0,0],"18":[0,0],"19":[0,0],"20":[0,0],"21":[0,0],"22":[0,0],"23":[0,0],"24":[0,0],"25":[0,0],"26":[0,0],"27":[0,0],"28":[0,0],"29":[0,0],"30":[0,0],"31":[0,0],"32":[0,0],"33":[0,0],"34":[0,0],"35":[0,0],"36":[0,0],"37":[0,0],"38":[0,0],"39":[0,0],"40":[0,0],"41":[0,0],"42":[0,0,0]}}
,"/home/user/projects/QIUZ-APP/srv/server.js": {"path":"/home/user/projects/QIUZ-APP/srv/server.js","statementMap":{"0":{"start":{"line":5,"column":12},"end":{"line":5,"column":31}},"1":{"start":{"line":6,"column":15},"end":{"line":6,"column":32}},"2":{"start":{"line":7,"column":18},"end":{"line":7,"column":47}},"3":{"start":{"line":8,"column":12},"end":{"line":8,"column":26}},"4":{"start":{"line":10,"column":0},"end":{"line":48,"column":3}},"5":{"start":{"line":12,"column":2},"end":{"line":25,"column":6}},"6":{"start":{"line":27,"column":2},"end":{"line":27,"column":17}},"7":{"start":{"line":30,"column":21},"end":{"line":36,"column":4}},"8":{"start":{"line":37,"column":2},"end":{"line":37,"column":31}},"9":{"start":{"line":40,"column":15},"end":{"line":40,"column":30}},"10":{"start":{"line":41,"column":18},"end":{"line":41,"column":36}},"11":{"start":{"line":42,"column":2},"end":{"line":42,"column":92}},"12":{"start":{"line":45,"column":2},"end":{"line":47,"column":5}},"13":{"start":{"line":46,"column":4},"end":{"line":46,"column":68}},"14":{"start":{"line":51,"column":0},"end":{"line":53,"column":3}},"15":{"start":{"line":52,"column":2},"end":{"line":52,"column":24}},"16":{"start":{"line":56,"column":2},"end":{"line":146,"column":3}},"17":{"start":{"line":57,"column":23},"end":{"line":57,"column":43}},"18":{"start":{"line":58,"column":16},"end":{"line":58,"column":35}},"19":{"start":{"line":59,"column":19},"end":{"line":59,"column":56}},"20":{"start":{"line":61,"column":4},"end":{"line":64,"column":5}},"21":{"start":{"line":62,"column":6},"end":{"line":62,"column":88}},"22":{"start":{"line":63,"column":6},"end":{"line":63,"column":13}},"23":{"start":{"line":66,"column":15},"end":{"line":69,"column":6}},"24":{"start":{"line":71,"column":29},"end":{"line":71,"column":84}},"25":{"start":{"line":73,"column":4},"end":{"line":141,"column":7}},"26":{"start":{"line":74,"column":6},"end":{"line":74,"column":63}},"27":{"start":{"line":77,"column":6},"end":{"line":97,"column":9}},"28":{"start":{"line":78,"column":57},"end":{"line":78,"column":61}},"29":{"start":{"line":79,"column":8},"end":{"line":79,"column":51}},"30":{"start":{"line":79,"column":44},"end":{"line":79,"column":51}},"31":{"start":{"line":81,"column":21},"end":{"line":81,"column":45}},"32":{"start":{"line":82,"column":25},"end":{"line":82,"column":70}},"33":{"start":{"line":84,"column":8},"end":{"line":87,"column":9}},"34":{"start":{"line":85,"column":10},"end":{"line":85,"column":63}},"35":{"start":{"line":86,"column":10},"end":{"line":86,"column":17}},"36":{"start":{"line":89,"column":8},"end":{"line":89,"column":26}},"37":{"start":{"line":90,"column":8},"end":{"line":90,"column":63}},"38":{"start":{"line":92,"column":8},"end":{"line":96,"column":11}},"39":{"start":{"line":100,"column":6},"end":{"line":108,"column":9}},"40":{"start":{"line":101,"column":68},"end":{"line":101,"column":72}},"41":{"start":{"line":102,"column":8},"end":{"line":107,"column":11}},"42":{"start":{"line":111,"column":6},"end":{"line":118,"column":9}},"43":{"start":{"line":112,"column":92},"end":{"line":112,"column":96}},"44":{"start":{"line":113,"column":8},"end":{"line":117,"column":11}},"45":{"start":{"line":121,"column":6},"end":{"line":124,"column":9}},"46":{"start":{"line":122,"column":45},"end":{"line":122,"column":49}},"47":{"start":{"line":123,"column":8},"end":{"line":123,"column":84}},"48":{"start":{"line":127,"column":6},"end":{"line":130,"column":9}},"49":{"start":{"line":128,"column":50},"end":{"line":128,"column":54}},"50":{"start":{"line":129,"column":8},"end":{"line":129,"column":84}},"51":{"start":{"line":132,"column":6},"end":{"line":140,"column":9}},"52":{"start":{"line":133,"column":57},"end":{"line":133,"column":74}},"53":{"start":{"line":134,"column":8},"end":{"line":139,"column":9}},"54":{"start":{"line":135,"column":10},"end":{"line":138,"column":13}},"55":{"start":{"line":143,"column":4},"end":{"line":143,"column":66}},"56":{"start":{"line":145,"column":4},"end":{"line":145,"column":69}},"57":{"start":{"line":149,"column":0},"end":{"line":149,"column":28}}},"fnMap":{"0":{"name":"(anonymous_0)","decl":{"start":{"line":10,"column":20},"end":{"line":10,"column":21}},"loc":{"start":{"line":10,"column":29},"end":{"line":48,"column":1}},"line":10},"1":{"name":"(anonymous_1)","decl":{"start":{"line":45,"column":21},"end":{"line":45,"column":22}},"loc":{"start":{"line":45,"column":35},"end":{"line":47,"column":3}},"line":45},"2":{"name":"(anonymous_2)","decl":{"start":{"line":51,"column":17},"end":{"line":51,"column":18}},"loc":{"start":{"line":51,"column":29},"end":{"line":53,"column":1}},"line":51},"3":{"name":"setupLiveQuizSocket","decl":{"start":{"line":55,"column":9},"end":{"line":55,"column":28}},"loc":{"start":{"line":55,"column":31},"end":{"line":147,"column":1}},"line":55},"4":{"name":"(anonymous_4)","decl":{"start":{"line":73,"column":24},"end":{"line":73,"column":25}},"loc":{"start":{"line":73,"column":36},"end":{"line":141,"column":5}},"line":73},"5":{"name":"(anonymous_5)","decl":{"start":{"line":77,"column":32},"end":{"line":77,"column":33}},"loc":{"start":{"line":77,"column":48},"end":{"line":97,"column":7}},"line":77},"6":{"name":"(anonymous_6)","decl":{"start":{"line":100,"column":33},"end":{"line":100,"column":34}},"loc":{"start":{"line":100,"column":43},"end":{"line":108,"column":7}},"line":100},"7":{"name":"(anonymous_7)","decl":{"start":{"line":111,"column":33},"end":{"line":111,"column":34}},"loc":{"start":{"line":111,"column":43},"end":{"line":118,"column":7}},"line":111},"8":{"name":"(anonymous_8)","decl":{"start":{"line":121,"column":36},"end":{"line":121,"column":37}},"loc":{"start":{"line":121,"column":46},"end":{"line":124,"column":7}},"line":121},"9":{"name":"(anonymous_9)","decl":{"start":{"line":127,"column":31},"end":{"line":127,"column":32}},"loc":{"start":{"line":127,"column":41},"end":{"line":130,"column":7}},"line":127},"10":{"name":"(anonymous_10)","decl":{"start":{"line":132,"column":30},"end":{"line":132,"column":31}},"loc":{"start":{"line":132,"column":36},"end":{"line":140,"column":7}},"line":132}},"branchMap":{"0":{"loc":{"start":{"line":31,"column":14},"end":{"line":31,"column":74}},"type":"binary-expr","locations":[{"start":{"line":31,"column":14},"end":{"line":31,"column":56}},{"start":{"line":31,"column":60},"end":{"line":31,"column":74}}],"line":31},"1":{"loc":{"start":{"line":32,"column":9},"end":{"line":32,"column":52}},"type":"binary-expr","locations":[{"start":{"line":32,"column":9},"end":{"line":32,"column":45}},{"start":{"line":32,"column":49},"end":{"line":32,"column":52}}],"line":32},"2":{"loc":{"start":{"line":59,"column":19},"end":{"line":59,"column":56}},"type":"binary-expr","locations":[{"start":{"line":59,"column":19},"end":{"line":59,"column":37}},{"start":{"line":59,"column":41},"end":{"line":59,"column":56}}],"line":59},"3":{"loc":{"start":{"line":61,"column":4},"end":{"line":64,"column":5}},"type":"if","locations":[{"start":{"line":61,"column":4},"end":{"line":64,"column":5}},{"start":{},"end":{}}],"line":61},"4":{"loc":{"start":{"line":71,"column":29},"end":{"line":71,"column":84}},"type":"binary-expr","locations":[{"start":{"line":71,"column":29},"end":{"line":71,"column":77}},{"start":{"line":71,"column":81},"end":{"line":71,"column":84}}],"line":71},"5":{"loc":{"start":{"line":79,"column":8},"end":{"line":79,"column":51}},"type":"if","locations":[{"start":{"line":79,"column":8},"end":{"line":79,"column":51}},{"start":{},"end":{}}],"line":79},"6":{"loc":{"start":{"line":79,"column":12},"end":{"line":79,"column":42}},"type":"binary-expr","locations":[{"start":{"line":79,"column":12},"end":{"line":79,"column":24}},{"start":{"line":79,"column":28},"end":{"line":79,"column":42}}],"line":79},"7":{"loc":{"start":{"line":82,"column":25},"end":{"line":82,"column":70}},"type":"binary-expr","locations":[{"start":{"line":82,"column":25},"end":{"line":82,"column":65}},{"start":{"line":82,"column":69},"end":{"line":82,"column":70}}],"line":82},"8":{"loc":{"start":{"line":84,"column":8},"end":{"line":87,"column":9}},"type":"if","locations":[{"start":{"line":84,"column":8},"end":{"line":87,"column":9}},{"start":{},"end":{}}],"line":84},"9":{"loc":{"start":{"line":133,"column":57},"end":{"line":133,"column":74}},"type":"binary-expr","locations":[{"start":{"line":133,"column":57},"end":{"line":133,"column":68}},{"start":{"line":133,"column":72},"end":{"line":133,"column":74}}],"line":133},"10":{"loc":{"start":{"line":134,"column":8},"end":{"line":139,"column":9}},"type":"if","locations":[{"start":{"line":134,"column":8},"end":{"line":139,"column":9}},{"start":{},"end":{}}],"line":134}},"s":{"0":0,"1":0,"2":0,"3":0,"4":0,"5":0,"6":0,"7":0,"8":0,"9":0,"10":0,"11":0,"12":0,"13":0,"14":0,"15":0,"16":0,"17":0,"18":0,"19":0,"20":0,"21":0,"22":0,"23":0,"24":0,"25":0,"26":0,"27":0,"28":0,"29":0,"30":0,"31":0,"32":0,"33":0,"34":0,"35":0,"36":0,"37":0,"38":0,"39":0,"40":0,"41":0,"42":0,"43":0,"44":0,"45":0,"46":0,"47":0,"48":0,"49":0,"50":0,"51":0,"52":0,"53":0,"54":0,"55":0,"56":0,"57":0},"f":{"0":0,"1":0,"2":0,"3":0,"4":0,"5":0,"6":0,"7":0,"8":0,"9":0,"10":0},"b":{"0":[0,0],"1":[0,0],"2":[0,0],"3":[0,0],"4":[0,0],"5":[0,0],"6":[0,0],"7":[0,0],"8":[0,0],"9":[0,0],"10":[0,0]}}
,"/home/user/projects/QIUZ-APP/srv/user-service.js": {"path":"/home/user/projects/QIUZ-APP/srv/user-service.js","statementMap":{"0":{"start":{"line":5,"column":12},"end":{"line":5,"column":31}},"1":{"start":{"line":6,"column":27},"end":{"line":6,"column":65}},"2":{"start":{"line":8,"column":0},"end":{"line":105,"column":3}},"3":{"start":{"line":9,"column":13},"end":{"line":9,"column":39}},"4":{"start":{"line":10,"column":29},"end":{"line":10,"column":52}},"5":{"start":{"line":11,"column":16},"end":{"line":11,"column":34}},"6":{"start":{"line":14,"column":2},"end":{"line":76,"column":5}},"7":{"start":{"line":15,"column":19},"end":{"line":15,"column":46}},"8":{"start":{"line":16,"column":18},"end":{"line":16,"column":75}},"9":{"start":{"line":19,"column":15},"end":{"line":19,"column":65}},"10":{"start":{"line":21,"column":4},"end":{"line":60,"column":5}},"11":{"start":{"line":23,"column":20},"end":{"line":23,"column":41}},"12":{"start":{"line":24,"column":19},"end":{"line":24,"column":84}},"13":{"start":{"line":25,"column":23},"end":{"line":25,"column":39}},"14":{"start":{"line":28,"column":19},"end":{"line":30,"column":66}},"15":{"start":{"line":32,"column":29},"end":{"line":32,"column":44}},"16":{"start":{"line":33,"column":20},"end":{"line":33,"column":38}},"17":{"start":{"line":35,"column":6},"end":{"line":44,"column":9}},"18":{"start":{"line":46,"column":6},"end":{"line":46,"column":63}},"19":{"start":{"line":47,"column":6},"end":{"line":47,"column":28}},"20":{"start":{"line":49,"column":6},"end":{"line":49,"column":86}},"21":{"start":{"line":51,"column":6},"end":{"line":59,"column":8}},"22":{"start":{"line":63,"column":4},"end":{"line":63,"column":94}},"23":{"start":{"line":65,"column":19},"end":{"line":65,"column":79}},"24":{"start":{"line":67,"column":4},"end":{"line":75,"column":6}},"25":{"start":{"line":79,"column":2},"end":{"line":104,"column":5}},"26":{"start":{"line":80,"column":19},"end":{"line":80,"column":30}},"27":{"start":{"line":81,"column":47},"end":{"line":81,"column":55}},"28":{"start":{"line":83,"column":20},"end":{"line":83,"column":22}},"29":{"start":{"line":84,"column":4},"end":{"line":84,"column":63}},"30":{"start":{"line":84,"column":33},"end":{"line":84,"column":63}},"31":{"start":{"line":85,"column":4},"end":{"line":85,"column":60}},"32":{"start":{"line":85,"column":32},"end":{"line":85,"column":60}},"33":{"start":{"line":86,"column":4},"end":{"line":86,"column":63}},"34":{"start":{"line":86,"column":33},"end":{"line":86,"column":63}},"35":{"start":{"line":88,"column":4},"end":{"line":88,"column":59}},"36":{"start":{"line":90,"column":17},"end":{"line":90,"column":67}},"37":{"start":{"line":91,"column":19},"end":{"line":91,"column":79}},"38":{"start":{"line":93,"column":4},"end":{"line":93,"column":76}},"39":{"start":{"line":95,"column":4},"end":{"line":103,"column":6}}},"fnMap":{"0":{"name":"(anonymous_0)","decl":{"start":{"line":8,"column":34},"end":{"line":8,"column":35}},"loc":{"start":{"line":8,"column":52},"end":{"line":105,"column":1}},"line":8},"1":{"name":"(anonymous_1)","decl":{"start":{"line":14,"column":16},"end":{"line":14,"column":17}},"loc":{"start":{"line":14,"column":31},"end":{"line":76,"column":3}},"line":14},"2":{"name":"(anonymous_2)","decl":{"start":{"line":79,"column":27},"end":{"line":79,"column":28}},"loc":{"start":{"line":79,"column":42},"end":{"line":104,"column":3}},"line":79}},"branchMap":{"0":{"loc":{"start":{"line":15,"column":19},"end":{"line":15,"column":46}},"type":"binary-expr","locations":[{"start":{"line":15,"column":19},"end":{"line":15,"column":31}},{"start":{"line":15,"column":35},"end":{"line":15,"column":46}}],"line":15},"1":{"loc":{"start":{"line":16,"column":18},"end":{"line":16,"column":75}},"type":"binary-expr","locations":[{"start":{"line":16,"column":18},"end":{"line":16,"column":39}},{"start":{"line":16,"column":43},"end":{"line":16,"column":55}},{"start":{"line":16,"column":59},"end":{"line":16,"column":75}}],"line":16},"2":{"loc":{"start":{"line":21,"column":4},"end":{"line":60,"column":5}},"type":"if","locations":[{"start":{"line":21,"column":4},"end":{"line":60,"column":5}},{"start":{},"end":{}}],"line":21},"3":{"loc":{"start":{"line":23,"column":20},"end":{"line":23,"column":41}},"type":"binary-expr","locations":[{"start":{"line":23,"column":20},"end":{"line":23,"column":35}},{"start":{"line":23,"column":39},"end":{"line":23,"column":41}}],"line":23},"4":{"loc":{"start":{"line":24,"column":19},"end":{"line":24,"column":84}},"type":"cond-expr","locations":[{"start":{"line":24,"column":33},"end":{"line":24,"column":40}},{"start":{"line":24,"column":43},"end":{"line":24,"column":84}}],"line":24},"5":{"loc":{"start":{"line":24,"column":43},"end":{"line":24,"column":84}},"type":"cond-expr","locations":[{"start":{"line":24,"column":62},"end":{"line":24,"column":74}},{"start":{"line":24,"column":77},"end":{"line":24,"column":84}}],"line":24},"6":{"loc":{"start":{"line":28,"column":19},"end":{"line":30,"column":66}},"type":"cond-expr","locations":[{"start":{"line":29,"column":10},"end":{"line":29,"column":64}},{"start":{"line":30,"column":10},"end":{"line":30,"column":66}}],"line":28},"7":{"loc":{"start":{"line":33,"column":20},"end":{"line":33,"column":38}},"type":"binary-expr","locations":[{"start":{"line":33,"column":20},"end":{"line":33,"column":26}},{"start":{"line":33,"column":30},"end":{"line":33,"column":38}}],"line":33},"8":{"loc":{"start":{"line":38,"column":19},"end":{"line":38,"column":50}},"type":"binary-expr","locations":[{"start":{"line":38,"column":19},"end":{"line":38,"column":44}},{"start":{"line":38,"column":48},"end":{"line":38,"column":50}}],"line":38},"9":{"loc":{"start":{"line":39,"column":18},"end":{"line":39,"column":50}},"type":"binary-expr","locations":[{"start":{"line":39,"column":18},"end":{"line":39,"column":44}},{"start":{"line":39,"column":48},"end":{"line":39,"column":50}}],"line":39},"10":{"loc":{"start":{"line":47,"column":15},"end":{"line":47,"column":27}},"type":"binary-expr","locations":[{"start":{"line":47,"column":15},"end":{"line":47,"column":21}},{"start":{"line":47,"column":25},"end":{"line":47,"column":27}}],"line":47},"11":{"loc":{"start":{"line":84,"column":4},"end":{"line":84,"column":63}},"type":"if","locations":[{"start":{"line":84,"column":4},"end":{"line":84,"column":63}},{"start":{},"end":{}}],"line":84},"12":{"loc":{"start":{"line":85,"column":4},"end":{"line":85,"column":60}},"type":"if","locations":[{"start":{"line":85,"column":4},"end":{"line":85,"column":60}},{"start":{},"end":{}}],"line":85},"13":{"loc":{"start":{"line":86,"column":4},"end":{"line":86,"column":63}},"type":"if","locations":[{"start":{"line":86,"column":4},"end":{"line":86,"column":63}},{"start":{},"end":{}}],"line":86}},"s":{"0":0,"1":0,"2":0,"3":0,"4":0,"5":0,"6":0,"7":0,"8":0,"9":0,"10":0,"11":0,"12":0,"13":0,"14":0,"15":0,"16":0,"17":0,"18":0,"19":0,"20":0,"21":0,"22":0,"23":0,"24":0,"25":0,"26":0,"27":0,"28":0,"29":0,"30":0,"31":0,"32":0,"33":0,"34":0,"35":0,"36":0,"37":0,"38":0,"39":0},"f":{"0":0,"1":0,"2":0},"b":{"0":[0,0],"1":[0,0,0],"2":[0,0],"3":[0,0],"4":[0,0],"5":[0,0],"6":[0,0],"7":[0,0],"8":[0,0],"9":[0,0],"10":[0,0],"11":[0,0],"12":[0,0],"13":[0,0]}}
,"/home/user/projects/QIUZ-APP/srv/handlers/admin-handler.js": {"path":"/home/user/projects/QIUZ-APP/srv/handlers/admin-handler.js","statementMap":{"0":{"start":{"line":4,"column":12},"end":{"line":4,"column":31}},"1":{"start":{"line":5,"column":23},"end":{"line":5,"column":38}},"2":{"start":{"line":6,"column":27},"end":{"line":6,"column":56}},"3":{"start":{"line":7,"column":37},"end":{"line":7,"column":65}},"4":{"start":{"line":8,"column":33},"end":{"line":8,"column":71}},"5":{"start":{"line":9,"column":22},"end":{"line":9,"column":49}},"6":{"start":{"line":13,"column":15},"end":{"line":13,"column":41}},"7":{"start":{"line":19,"column":8},"end":{"line":19,"column":31}},"8":{"start":{"line":20,"column":18},"end":{"line":20,"column":36}},"9":{"start":{"line":21,"column":24},"end":{"line":21,"column":41}},"10":{"start":{"line":22,"column":24},"end":{"line":22,"column":41}},"11":{"start":{"line":23,"column":20},"end":{"line":23,"column":46}},"12":{"start":{"line":24,"column":22},"end":{"line":24,"column":37}},"13":{"start":{"line":27,"column":4},"end":{"line":32,"column":7}},"14":{"start":{"line":28,"column":23},"end":{"line":28,"column":67}},"15":{"start":{"line":29,"column":6},"end":{"line":31,"column":7}},"16":{"start":{"line":30,"column":8},"end":{"line":30,"column":33}},"17":{"start":{"line":35,"column":4},"end":{"line":63,"column":7}},"18":{"start":{"line":36,"column":25},"end":{"line":36,"column":33}},"19":{"start":{"line":37,"column":19},"end":{"line":37,"column":71}},"20":{"start":{"line":38,"column":6},"end":{"line":38,"column":58}},"21":{"start":{"line":38,"column":17},"end":{"line":38,"column":58}},"22":{"start":{"line":41,"column":22},"end":{"line":42,"column":51}},"23":{"start":{"line":43,"column":6},"end":{"line":43,"column":73}},"24":{"start":{"line":43,"column":20},"end":{"line":43,"column":73}},"25":{"start":{"line":45,"column":21},"end":{"line":47,"column":46}},"26":{"start":{"line":48,"column":6},"end":{"line":50,"column":7}},"27":{"start":{"line":49,"column":8},"end":{"line":49,"column":71}},"28":{"start":{"line":53,"column":24},"end":{"line":53,"column":61}},"29":{"start":{"line":55,"column":6},"end":{"line":58,"column":9}},"30":{"start":{"line":60,"column":6},"end":{"line":60,"column":123}},"31":{"start":{"line":62,"column":6},"end":{"line":62,"column":82}},"32":{"start":{"line":66,"column":4},"end":{"line":71,"column":7}},"33":{"start":{"line":67,"column":25},"end":{"line":67,"column":33}},"34":{"start":{"line":68,"column":6},"end":{"line":68,"column":75}},"35":{"start":{"line":69,"column":6},"end":{"line":69,"column":102}},"36":{"start":{"line":70,"column":6},"end":{"line":70,"column":60}},"37":{"start":{"line":74,"column":4},"end":{"line":79,"column":7}},"38":{"start":{"line":75,"column":25},"end":{"line":75,"column":33}},"39":{"start":{"line":76,"column":6},"end":{"line":76,"column":78}},"40":{"start":{"line":77,"column":6},"end":{"line":77,"column":102}},"41":{"start":{"line":78,"column":6},"end":{"line":78,"column":57}},"42":{"start":{"line":82,"column":4},"end":{"line":136,"column":7}},"43":{"start":{"line":83,"column":25},"end":{"line":83,"column":33}},"44":{"start":{"line":84,"column":19},"end":{"line":84,"column":71}},"45":{"start":{"line":85,"column":6},"end":{"line":85,"column":58}},"46":{"start":{"line":85,"column":17},"end":{"line":85,"column":58}},"47":{"start":{"line":87,"column":31},"end":{"line":87,"column":54}},"48":{"start"
[...]
":4},"end":{"line":50,"column":26}},"type":"if","locations":[{"start":{"line":50,"column":4},"end":{"line":50,"column":26}},{"start":{},"end":{}}],"line":50},"12":{"loc":{"start":{"line":62,"column":4},"end":{"line":62,"column":36}},"type":"if","locations":[{"start":{"line":62,"column":4},"end":{"line":62,"column":36}},{"start":{},"end":{}}],"line":62},"13":{"loc":{"start":{"line":75,"column":8},"end":{"line":80,"column":9}},"type":"if","locations":[{"start":{"line":75,"column":8},"end":{"line":80,"column":9}},{"start":{},"end":{}}],"line":75},"14":{"loc":{"start":{"line":84,"column":23},"end":{"line":84,"column":43}},"type":"binary-expr","locations":[{"start":{"line":84,"column":23},"end":{"line":84,"column":37}},{"start":{"line":84,"column":41},"end":{"line":84,"column":43}}],"line":84},"15":{"loc":{"start":{"line":85,"column":22},"end":{"line":85,"column":52}},"type":"binary-expr","locations":[{"start":{"line":85,"column":22},"end":{"line":85,"column":36}},{"start":{"line":85,"column":40},"end":{"line":85,"column":52}}],"line":85},"16":{"loc":{"start":{"line":86,"column":16},"end":{"line":86,"column":41}},"type":"binary-expr","locations":[{"start":{"line":86,"column":16},"end":{"line":86,"column":36}},{"start":{"line":86,"column":40},"end":{"line":86,"column":41}}],"line":86},"17":{"loc":{"start":{"line":87,"column":22},"end":{"line":87,"column":41}},"type":"binary-expr","locations":[{"start":{"line":87,"column":22},"end":{"line":87,"column":35}},{"start":{"line":87,"column":39},"end":{"line":87,"column":41}}],"line":87},"18":{"loc":{"start":{"line":101,"column":6},"end":{"line":108,"column":7}},"type":"if","locations":[{"start":{"line":101,"column":6},"end":{"line":108,"column":7}},{"start":{"line":103,"column":13},"end":{"line":108,"column":7}}],"line":101},"19":{"loc":{"start":{"line":103,"column":13},"end":{"line":108,"column":7}},"type":"if","locations":[{"start":{"line":103,"column":13},"end":{"line":108,"column":7}},{"start":{"line":106,"column":13},"end":{"line":108,"column":7}}],"line":103},"20":{"loc":{"start":{"line":103,"column":17},"end":{"line":103,"column":42}},"type":"binary-expr","locations":[{"start":{"line":103,"column":17},"end":{"line":103,"column":29}},{"start":{"line":103,"column":33},"end":{"line":103,"column":42}}],"line":103}},"s":{"0":3,"1":3,"2":3,"3":3,"4":3,"5":3,"6":3,"7":1,"8":1,"9":1,"10":1,"11":1,"12":18,"13":10,"14":8,"15":8,"16":3,"17":3,"18":2,"19":1,"20":12,"21":1,"22":1,"23":1,"24":1,"25":1,"26":1,"27":12,"28":1,"29":1,"30":1,"31":4,"32":4,"33":4,"34":1,"35":1,"36":1,"37":1,"38":1,"39":1,"40":80,"41":12,"42":68,"43":11,"44":11,"45":57,"46":1,"47":1,"48":1},"f":{"0":3,"1":1,"2":18,"3":3,"4":12,"5":12,"6":1},"b":{"0":[3,0],"1":[3,2],"2":[3,2],"3":[3,3],"4":[3,2],"5":[3,2],"6":[3,2],"7":[3,3],"8":[3,2],"9":[3,3],"10":[1],"11":[10,8],"12":[2,1],"13":[4,0],"14":[1,0],"15":[1,0],"16":[1,0],"17":[1,0],"18":[12,68],"19":[11,57],"20":[68,11]},"_coverageSchema":"1a1c01bbd47fc00a2c39e90264f33305004495a9","hash":"7113d8954add5034a6d294084509fa2244871bc5"}
,"/home/user/projects/QIUZ-APP/srv/handlers/lib/scoring-engine.js": {"path":"/home/user/projects/QIUZ-APP/srv/handlers/lib/scoring-engine.js","statementMap":{"0":{"start":{"line":16,"column":22},"end":{"line":16,"column":54}},"1":{"start":{"line":18,"column":4},"end":{"line":31,"column":5}},"2":{"start":{"line":20,"column":8},"end":{"line":20,"column":98}},"3":{"start":{"line":22,"column":8},"end":{"line":22,"column":97}},"4":{"start":{"line":24,"column":8},"end":{"line":24,"column":98}},"5":{"start":{"line":26,"column":8},"end":{"line":26,"column":98}},"6":{"start":{"line":28,"column":8},"end":{"line":28,"column":64}},"7":{"start":{"line":30,"column":8},"end":{"line":30,"column":54}},"8":{"start":{"line":35,"column":21},"end":{"line":35,"column":64}},"9":{"start":{"line":36,"column":4},"end":{"line":36,"column":77}},"10":{"start":{"line":36,"column":31},"end":{"line":36,"column":77}},"11":{"start":{"line":38,"column":26},"end":{"line":38,"column":56}},"12":{"start":{"line":38,"column":44},"end":{"line":38,"column":55}},"13":{"start":{"line":39,"column":22},"end":{"line":39,"column":74}},"14":{"start":{"line":41,"column":4},"end":{"line":43,"column":5}},"15":{"start":{"line":42,"column":6},"end":{"line":42,"column":59}},"16":{"start":{"line":45,"column":20},"end":{"line":45,"column":78}},"17":{"start":{"line":46,"column":4},"end":{"line":46,"column":56}},"18":{"start":{"line":50,"column":21},"end":{"line":50,"column":64}},"19":{"start":{"line":51,"column":4},"end":{"line":51,"column":77}},"20":{"start":{"line":51,"column":31},"end":{"line":51,"column":77}},"21":{"start":{"line":53,"column":23},"end":{"line":53,"column":79}},"22":{"start":{"line":53,"column":51},"end":{"line":53,"column":62}},"23":{"start":{"line":53,"column":73},"end":{"line":53,"column":77}},"24":{"start":{"line":54,"column":24},"end":{"line":54,"column":41}},"25":{"start":{"line":57,"column":31},"end":{"line":57,"column":79}},"26":{"start":{"line":57,"column":59},"end":{"line":57,"column":78}},"27":{"start":{"line":58,"column":32},"end":{"line":58,"column":80}},"28":{"start":{"line":58,"column":61},"end":{"line":58,"column":79}},"29":{"start":{"line":60,"column":4},"end":{"line":62,"column":5}},"30":{"start":{"line":61,"column":6},"end":{"line":61,"column":59}},"31":{"start":{"line":65,"column":27},"end":{"line":65,"column":54}},"32":{"start":{"line":66,"column":17},"end":{"line":66,"column":18}},"33":{"start":{"line":67,"column":4},"end":{"line":73,"column":5}},"34":{"start":{"line":68,"column":6},"end":{"line":72,"column":7}},"35":{"start":{"line":69,"column":8},"end":{"line":69,"column":33}},"36":{"start":{"line":70,"column":13},"end":{"line":72,"column":7}},"37":{"start":{"line":71,"column":8},"end":{"line":71,"column":59}},"38":{"start":{"line":75,"column":4},"end":{"line":75,"column":57}},"39":{"start":{"line":76,"column":4},"end":{"line":76,"column":91}},"40":{"start":{"line":80,"column":26},"end":{"line":80,"column":77}},"41":{"start":{"line":81,"column":4},"end":{"line":81,"column":70}},"42":{"start":{"line":81,"column":24},"end":{"line":81,"column":70}},"43":{"start":{"line":84,"column":27},"end":{"line":86,"column":50}},"44":{"start":{"line":85,"column":19},"end":{"line":85,"column":30}},"45":{"start":{"line":86,"column":16},"end":{"line":86,"column":49}},"46":{"start":{"line":88,"column":22},"end":{"line":88,"column":60}},"47":{"start":{"line":90,"column":4},"end":{"line":92,"column":5}},"48":{"start":{"line":91,"column":6},"end":{"line":91,"column":59}},"49":{"start":{"line":94,"column":20},"end":{"line":94,"column":78}},"50":{"start":{"line":95,"column":4},"end":{"line":95,"column":56}},"51":{"start":{"line":99,"column":4},"end":{"line":99,"column":78}},"52":{"start":{"line":99,"column":32},"end":{"line":99,"column":78}},"53":{"start":{"line":102,"column":4},"end":{"line":106,"column":5}},"54":{"start":{"line":103,"column":6},"end":{"line":103,"column":55}},"55":{"start":{"line":105,"column":6},"end":{"line":105,"column":52}},"56":{"start":{"line":111,"column":23},"end":{"line":111,"column":47}},"57":{"start":{"line":112,"column":18},"end":{"line":112,"column":19}},"58":{"start":{"line":114,"column":4},"end":{"line":116,"column":5}},"59":{"start":{"line":115,"column":6},"end":{"line":115,"column":36}},"60":{"start":{"line":115,"column":26},"end":{"line":115,"column":36}},"61":{"start":{"line":118,"column":18},"end":{"line":118,"column":38}},"62":{"start":{"line":119,"column":4},"end":{"line":122,"column":6}},"63":{"start":{"line":126,"column":4},"end":{"line":126,"column":36}},"64":{"start":{"line":126,"column":26},"end":{"line":126,"column":36}},"65":{"start":{"line":127,"column":4},"end":{"line":127,"column":63}},"66":{"start":{"line":127,"column":40},"end":{"line":127,"column":63}},"67":{"start":{"line":128,"column":4},"end":{"line":132,"column":5}},"68":{"start":{"line":129,"column":6},"end":{"line":129,"column":41}},"69":{"start":{"line":131,"column":6},"end":{"line":131,"column":16}},"70":{"start":{"line":142,"column":4},"end":{"line":142,"column":53}},"71":{"start":{"line":142,"column":44},"end":{"line":142,"column":53}},"72":{"start":{"line":144,"column":19},"end":{"line":146,"column":51}},"73":{"start":{"line":145,"column":19},"end":{"line":145,"column":40}},"74":{"start":{"line":146,"column":16},"end":{"line":146,"column":50}},"75":{"start":{"line":148,"column":4},"end":{"line":148,"column":38}},"76":{"start":{"line":148,"column":29},"end":{"line":148,"column":38}},"77":{"start":{"line":150,"column":4},"end":{"line":159,"column":5}},"78":{"start":{"line":152,"column":8},"end":{"line":152,"column":35}},"79":{"start":{"line":154,"column":8},"end":{"line":154,"column":41}},"80":{"start":{"line":156,"column":8},"end":{"line":156,"column":91}},"81":{"start":{"line":156,"column":51},"end":{"line":156,"column":56}},"82":{"start":{"line":158,"column":8},"end":{"line":158,"column":35}},"83":{"start":{"line":163,"column":0},"end":{"line":163,"column":35}}},"fnMap":{"0":{"name":"(anonymous_0)","decl":{"start":{"line":15,"column":2},"end":{"line":15,"column":3}},"loc":{"start":{"line":15,"column":90},"end":{"line":32,"column":3}},"line":15},"1":{"name":"(anonymous_1)","decl":{"start":{"line":34,"column":2},"end":{"line":34,"column":3}},"loc":{"start":{"line":34,"column":80},"end":{"line":47,"column":3}},"line":34},"2":{"name":"(anonymous_2)","decl":{"start":{"line":38,"column":39},"end":{"line":38,"column":40}},"loc":{"start":{"line":38,"column":44},"end":{"line":38,"column":55}},"line":38},"3":{"name":"(anonymous_3)","decl":{"start":{"line":49,"column":2},"end":{"line":49,"column":3}},"loc":{"start":{"line":49,"column":79},"end":{"line":77,"column":3}},"line":49},"4":{"name":"(anonymous_4)","decl":{"start":{"line":53,"column":46},"end":{"line":53,"column":47}},"loc":{"start":{"line":53,"column":51},"end":{"line":53,"column":62}},"line":53},"5":{"name":"(anonymous_5)","decl":{"start":{"line":53,"column":68},"end":{"line":53,"column":69}},"loc":{"start":{"line":53,"column":73},"end":{"line":53,"column":77}},"line":53},"6":{"name":"(anonymous_6)","decl":{"start":{"line":57,"column":53},"end":{"line":57,"column":54}},"loc":{"start":{"line":57,"column":59},"end":{"line":57,"column":78}},"line":57},"7":{"name":"(anonymous_7)","decl":{"start":{"line":58,"column":55},"end":{"line":58,"column":56}},"loc":{"start":{"line":58,"column":61},"end":{"line":58,"column":79}},"line":58},"8":{"name":"(anonymous_8)","decl":{"start":{"line":79,"column":2},"end":{"line":79,"column":3}},"loc":{"start":{"line":79,"column":80},"end":{"line":96,"column":3}},"line":79},"9":{"name":"(anonymous_9)","decl":{"start":{"line":85,"column":14},"end":{"line":85,"column":15}},"loc":{"start":{"line":85,"column":19},"end":{"line":85,"column":30}},"line":85},"10":{"name":"(anonymous_10)","decl":{"start":{"line":86,"column":11},"end":{"line":86,"column":12}},"loc":{"start":{"line":86,"column":16},"end":{"line":86,"column":49}},"line":86},"11":{"name":"(anonymous_11)","decl":{"start":{"line":98,"column":2},"end":{"line":98,"column":3}},"loc":{"start":{"line":98,"column":46},"end":{"line":123,"column":3}},"line":98},"12":{"name":"(anonymous_12)","decl":{"start":{"line":125,"column":2},"end":{"line":125,"column":3}},"loc":{"start":{"line":125,"column":34},"end":{"line":133,"column":3}},"line":125},"13":{"name":"(anonymous_13)","decl":{"start":{"line":141,"column":2},"end":{"line":141,"column":3}},"loc":{"start":{"line":141,"column":52},"end":{"line":160,"column":3}},"line":141},"14":{"name":"(anonymous_14)","decl":{"start":{"line":145,"column":14},"end":{"line":145,"column":15}},"loc":{"start":{"line":145,"column":19},"end":{"line":145,"column":40}},"line":145},"15":{"name":"(anonymous_15)","decl":{"start":{"line":146,"column":11},"end":{"line":146,"column":12}},"loc":{"start":{"line":146,"column":16},"end":{"line":146,"column":50}},"line":146},"16":{"name":"(anonymous_16)","decl":{"start":{"line":156,"column":41},"end":{"line":156,"column":42}},"loc":{"start":{"line":156,"column":51},"end":{"line":156,"column":56}},"line":156}},"branchMap":{"0":{"loc":{"start":{"line":15,"column":43},"end":{"line":15,"column":66}},"type":"default-arg","locations":[{"start":{"line":15,"column":61},"end":{"line":15,"column":66}}],"line":15},"1":{"loc":{"start":{"line":15,"column":68},"end":{"line":15,"column":88}},"type":"default-arg","locations":[{"start":{"line":15,"column":86},"end":{"line":15,"column":88}}],"line":15},"2":{"loc":{"start":{"line":16,"column":33},"end":{"line":16,"column":53}},"type":"binary-expr","locations":[{"start":{"line":16,"column":33},"end":{"line":16,"column":48}},{"start":{"line":16,"column":52},"end":{"line":16,"column":53}}],"line":16},"3":{"loc":{"start":{"line":18,"column":4},"end":{"line":31,"column":5}},"type":"switch","locations":[{"start":{"line":19,"column":6},"end":{"line":20,"column":98}},{"start":{"line":21,"column":6},"end":{"line":22,"column":97}},{"start":{"line":23,"column":6},"end":{"line":24,"column":98}},{"start":{"line":25,"column":6},"end":{"line":26,"column":98}},{"start":{"line":27,"column":6},"end":{"line":28,"column":64}},{"start":{"line":29,"column":6},"end":{"line":30,"column":54}}],"line":18},"4":{"loc":{"start":{"line":36,"column":4},"end":{"line":36,"column":77}},"type":"if","locations":[{"start":{"line":36,"column":4},"end":{"line":36,"column":77}},{"start":{},"end":{}}],"line":36},"5":{"loc":{"start":{"line":39,"column":22},"end":{"line":39,"column":74}},"type":"binary-expr","locations":[{"start":{"line":39,"column":22},"end":{"line":39,"column":35}},{"start":{"line":39,"column":39},"end":{"line":39,"column":74}}],"line":39},"6":{"loc":{"start":{"line":41,"column":4},"end":{"line":43,"column":5}},"type":"if","locations":[{"start":{"line":41,"column":4},"end":{"line":43,"column":5}},{"start":{},"end":{}}],"line":41},"7":{"loc":{"start":{"line":45,"column":20},"end":{"line":45,"column":78}},"type":"cond-expr","locations":[{"start":{"line":45,"column":38},"end":{"line":45,"column":74}},{"start":{"line":45,"column":77},"end":{"line":45,"column":78}}],"line":45},"8":{"loc":{"start":{"line":51,"column":4},"end":{"line":51,"column":77}},"type":"if","locations":[{"start":{"line":51,"column":4},"end":{"line":51,"column":77}},{"start":{},"end":{}}],"line":51},"9":{"loc":{"start":{"line":60,"column":4},"end":{"line":62,"column":5}},"type":"if","locations":[{"start":{"line":60,"column":4},"end":{"line":62,"column":5}},{"start":{},"end":{}}],"line":60},"10":{"loc":{"start":{"line":60,"column":8},"end":{"line":60,"column":49}},"type":"binary-expr","locations":[{"start":{"line":60,"column":8},"end":{"line":60,"column":26}},{"start":{"line":60,"column":30},"end":{"line":60,"column":49}}],"line":60},"11":{"loc":{"start":{"line":68,"column":6},"end":{"line":72,"column":7}},"type":"if","locations":[{"start":{"line":68,"column":6},"end":{"line":72,"column":7}},{"start":{"line":70,"column":13},"end":{"line":72,"column":7}}],"line":68},"12":{"loc":{"start":{"line":70,"column":13},"end":{"line":72,"column":7}},"type":"if","locations":[{"start":{"line":70,"column":13},"end":{"line":72,"column":7}},{"start":{},"end":{}}],"line":70},"13":{"loc":{"start":{"line":76,"column":24},"end":{"line":76,"column":65}},"type":"binary-expr","locations":[{"start":{"line":76,"column":24},"end":{"line":76,"column":42}},{"start":{"line":76,"column":46},"end":{"line":76,"column":65}}],"line":76},"14":{"loc":{"start":{"line":80,"column":27},"end":{"line":80,"column":55}},"type":"binary-expr","locations":[{"start":{"line":80,"column":27},"end":{"line":80,"column":49}},{"start":{"line":80,"column":53},"end":{"line":80,"column":55}}],"line":80},"15":{"loc":{"start":{"line":81,"column":4},"end":{"line":81,"column":70}},"type":"if","locations":[{"start":{"line":81,"column":4},"end":{"line":81,"column":70}},{"start":{},"end":{}}],"line":81},"16":{"loc":{"start":{"line":90,"column":4},"end":{"line":92,"column":5}},"type":"if","locations":[{"start":{"line":90,"column":4},"end":{"line":92,"column":5}},{"start":{},"end":{}}],"line":90},"17":{"loc":{"start":{"line":94,"column":20},"end":{"line":94,"column":78}},"type":"cond-expr","locations":[{"start":{"line":94,"column":38},"end":{"line":94,"column":74}},{"start":{"line":94,"column":77},"end":{"line":94,"column":78}}],"line":94},"18":{"loc":{"start":{"line":99,"column":4},"end":{"line":99,"column":78}},"type":"if","locations":[{"start":{"line":99,"column":4},"end":{"line":99,"column":78}},{"start":{},"end":{}}],"line":99},"19":{"loc":{"start":{"line":111,"column":23},"end":{"line":111,"column":47}},"type":"binary-expr","locations":[{"start":{"line":111,"column":23},"end":{"line":111,"column":42}},{"start":{"line":111,"column":46},"end":{"line":111,"column":47}}],"line":111},"20":{"loc":{"start":{"line":115,"column":6},"end":{"line":115,"column":36}},"type":"if","locations":[{"start":{"line":115,"column":6},"end":{"line":115,"column":36}},{"start":{},"end":{}}],"line":115},"21":{"loc":{"start":{"line":126,"column":4},"end":{"line":126,"column":36}},"type":"if","locations":[{"start":{"line":126,"column":4},"end":{"line":126,"column":36}},{"start":{},"end":{}}],"line":126},"22":{"loc":{"start":{"line":127,"column":4},"end":{"line":127,"column":63}},"type":"if","locations":[{"start":{"line":127,"column":4},"end":{"line":127,"column":63}},{"start":{},"end":{}}],"line":127},"23":{"loc":{"start":{"line":141,"column":30},"end":{"line":141,"column":50}},"type":"default-arg","locations":[{"start":{"line":141,"column":44},"end":{"line":141,"column":50}}],"line":141},"24":{"loc":{"start":{"line":142,"column":4},"end":{"line":142,"column":53}},"type":"if","locations":[{"start":{"line":142,"column":4},"end":{"line":142,"column":53}},{"start":{},"end":{}}],"line":142},"25":{"loc":{"start":{"line":142,"column":8},"end":{"line":142,"column":42}},"type":"binary-expr","locations":[{"start":{"line":142,"column":8},"end":{"line":142,"column":17}},{"start":{"line":142,"column":21},"end":{"line":142,"column":42}}],"line":142},"26":{"loc":{"start":{"line":146,"column":27},"end":{"line":146,"column":49}},"type":"binary-expr","locations":[{"start":{"line":146,"column":27},"end":{"line":146,"column":44}},{"start":{"line":146,"column":48},"end":{"line":146,"column":49}}],"line":146},"27":{"loc":{"start":{"line":148,"column":4},"end":{"line":148,"column":38}},"type":"if","locations":[{"start":{"line":148,"column":4},"end":{"line":148,"column":38}},{"start":{},"end":{}}],"line":148},"28":{"loc":{"start":{"line":150,"column":4},"end":{"line":159,"column":5}},"type":"switch","locations":[{"start":{"line":151,"column":6},"end":{"line":152,"column":35}},{"start":{"line":153,"column":6},"end":{"line":154,"column":41}},{"start":{"line":155,"column":6},"end":{"line":156,"column":91}},{"start":{"line":157,"column":6},"end":{"line":158,"column":35}}],"line":150}},"s":{"0":16,"1":16,"2":5,"3":4,"4":2,"5":4,"6":0,"7":1,"8":7,"9":7,"10":1,"11":6,"12":10,"13":6,"14":6,"15":3,"16":3,"17":3,"18":4,"19":4,"20":1,"21":3,"22":12,"23":9,"24":3,"25":3,"26":8,"27":3,"28":7,"29":3,"30":1,"31":2,"32":2,"33":2,"34":4,"35":3,"36":1,"37":1,"38":2,"39":2,"40":4,"41":4,"42":1,"43":3,"44":3,"45":3,"46":3,"47":3,"48":2,"49":1,"50":1,"51":0,"52":0,"53":0,"54":0,"55":0,"56":0,"57":0,"58":0,"59":0,"60":0,"61":0,"62":0,"63":11,"64":1,"65":10,"66":1,"67":9,"68":9,"69":0,"70":5,"71":1,"72":4,"73":11,"74":10,"75":4,"76":0,"77":4,"78":2,"79":1,"80":1,"81":3,"82":0,"83":1},"f":{"0":16,"1":7,"2":10,"3":4,"4":12,"5":9,"6":8,"7":7,"8":4,"9":3,"10":3,"11":0,"12":11,"13":5,"14":11,"15":10,"16":3},"b":{"0":[13],"1":[14],"2":[16,0],"3":[5,4,2,4,0,1],"4":[1,6],"5":[6,6],"6":[3,3],"7":[1,2],"8":[1,3],"9":[1,2],"10":[3,1],"11":[3,1],"12":[1,0],"13":[2,0],"14":[4,1],"15":[1,3],"16":[2,1],"17":[0,1],"18":[0,0],"19":[0,0],"20":[0,0],"21":[1,10],"22":[1,9],"23":[0],"24":[1,4],"25":[5,5],"26":[10,0],"27":[0,4],"28":[2,1,1,0]},"_coverageSchema":"1a1c01bbd47fc00a2c39e90264f33305004495a9","hash":"369ddc56990cbf740d0de95a0a2b5beea238cd72"}
}
