TN:
SF:srv/admin-service.js
FN:12,(anonymous_0)
FN:27,(anonymous_1)
FN:56,(anonymous_2)
FN:64,(anonymous_3)
FN:72,(anonymous_4)
FN:126,(anonymous_5)
FN:179,(anonymous_6)
FN:200,(anonymous_7)
FN:214,(anonymous_8)
FN:232,(anonymous_9)
FN:242,(anonymous_10)
FN:253,(anonymous_11)
FN:263,(anonymous_12)
FN:280,(anonymous_13)
FN:298,(anonymous_14)
FN:312,(anonymous_15)
FN:335,(anonymous_16)
FN:349,(anonymous_17)
FN:368,(anonymous_18)
FN:378,(anonymous_19)
FN:389,(anonymous_20)
FN:395,(anonymous_21)
FN:402,(anonymous_22)
FN:431,computeAnalytics
FN:442,(anonymous_24)
FN:443,(anonymous_25)
FN:443,(anonymous_26)
FN:444,(anonymous_27)
FN:446,(anonymous_28)
FN:448,(anonymous_29)
FN:451,(anonymous_30)
FN:453,(anonymous_31)
FN:465,(anonymous_32)
FN:468,(anonymous_33)
FN:490,buildVersionSnapshot
FN:502,generateShareCode
FNF:36
FNH:0
FNDA:0,(anonymous_0)
FNDA:0,(anonymous_1)
FNDA:0,(anonymous_2)
FNDA:0,(anonymous_3)
FNDA:0,(anonymous_4)
FNDA:0,(anonymous_5)
FNDA:0,(anonymous_6)
FNDA:0,(anonymous_7)
FNDA:0,(anonymous_8)
FNDA:0,(anonymous_9)
FNDA:0,(anonymous_10)
FNDA:0,(anonymous_11)
FNDA:0,(anonymous_12)
FNDA:0,(anonymous_13)
FNDA:0,(anonymous_14)
FNDA:0,(anonymous_15)
FNDA:0,(anonymous_16)
FNDA:0,(anonymous_17)
FNDA:0,(anonymous_18)
FNDA:0,(anonymous_19)
FNDA:0,(anonymous_20)
FNDA:0,(anonymous_21)
FNDA:0,(anonymous_22)
FNDA:0,computeAnalytics
FNDA:0,(anonymous_24)
FNDA:0,(anonymous_25)
FNDA:0,(anonymous_26)
FNDA:0,(anonymous_27)
FNDA:0,(anonymous_28)
FNDA:0,(anonymous_29)
FNDA:0,(anonymous_30)
FNDA:0,(anonymous_31)
FNDA:0,(anonymous_32)
FNDA:0,(anonymous_33)
FNDA:0,buildVersionSnapshot
FNDA:0,generateShareCode
DA:5,0
DA:6,0
DA:7,0
DA:8,0
DA:9,0
DA:10,0
DA:12,0
DA:13,0
DA:19,0
DA:20,0
DA:21,0
DA:22,0
DA:23,0
DA:24,0
DA:27,0
DA:28,0
DA:29,0
DA:30,0
DA:32,0
DA:34,0
DA:36,0
DA:39,0
DA:40,0
DA:43,0
DA:45,0
DA:50,0
DA:52,0
DA:56,0
DA:57,0
DA:58,0
DA:59,0
DA:60,0
DA:64,0
DA:65,0
DA:66,0
DA:67,0
DA:68,0
DA:72,0
DA:73,0
DA:74,0
DA:75,0
DA:77,0
DA:78,0
DA:80,0
DA:83,0
DA:84,0
DA:85,0
DA:91,0
DA:99,0
DA:100,0
DA:101,0
DA:102,0
DA:103,0
DA:104,0
DA:106,0
DA:107,0
DA:108,0
DA:109,0
DA:112,0
DA:113,0
DA:114,0
DA:115,0
DA:120,0
DA:122,0
DA:126,0
DA:127,0
DA:128,0
DA:130,0
DA:132,0
DA:133,0
DA:135,0
DA:138,0
DA:139,0
DA:141,0
DA:142,0
DA:143,0
DA:144,0
DA:155,0
DA:156,0
DA:157,0
DA:166,0
DA:168,0
DA:172,0
DA:174,0
DA:179,0
DA:180,0
DA:181,0
DA:183,0
DA:185,0
DA:186,0
DA:188,0
DA:189,0
DA:190,0
DA:193,0
DA:194,0
DA:196,0
DA:200,0
DA:201,0
DA:202,0
DA:210,0
DA:214,0
DA:215,0
DA:216,0
DA:217,0
DA:219,0
DA:229,0
DA:232,0
DA:233,0
DA:234,0
DA:239,0
DA:242,0
DA:243,0
DA:244,0
DA:245,0
DA:246,0
DA:250,0
DA:253,0
DA:254,0
DA:255,0
DA:259,0
DA:263,0
DA:264,0
DA:265,0
DA:267,0
DA:280,0
DA:281,0
DA:282,0
DA:283,0
DA:288,0
DA:295,0
DA:298,0
DA:299,0
DA:300,0
DA:302,0
DA:312,0
DA:313,0
DA:314,0
DA:315,0
DA:316,0
DA:317,0
DA:319,0
DA:320,0
DA:325,0
DA:332,0
DA:335,0
DA:336,0
DA:337,0
DA:339,0
DA:349,0
DA:350,0
DA:351,0
DA:352,0
DA:353,0
DA:358,0
DA:365,0
DA:368,0
DA:369,0
DA:370,0
DA:375,0
DA:378,0
DA:379,0
DA:380,0
DA:385,0
DA:389,0
DA:390,0
DA:391,0
DA:395,0
DA:396,0
DA:397,0
DA:398,0
DA:402,0
DA:403,0
DA:404,0
DA:405,0
DA:406,0
DA:408,0
DA:409,0
DA:411,0
DA:412,0
DA:414,0
DA:426,0
DA:432,0
DA:435,0
DA:436,0
DA:442,0
DA:443,0
DA:444,0
DA:445,0
DA:446,0
DA:447,0
DA:448,0
DA:450,0
DA:451,0
DA:452,0
DA:453,0
DA:456,0
DA:458,0
DA:462,0
DA:463,0
DA:464,0
DA:465,0
DA:466,0
DA:467,0
DA:468,0
DA:470,0
DA:478,0
DA:491,0
DA:492,0
DA:493,0
DA:494,0
DA:495,0
DA:496,0
DA:498,0
DA:503,0
DA:504,0
DA:505,0
DA:506,0
DA:508,0
LF:218
LH:0
BRDA:30,0,0,0
BRDA:30,0,1,0
BRDA:34,1,0,0
BRDA:34,1,1,0
BRDA:39,2,0,0
BRDA:39,2,1,0
BRDA:39,3,0,0
BRDA:39,3,1,0
BRDA:43,4,0,0
BRDA:43,4,1,0
BRDA:75,5,0,0
BRDA:75,5,1,0
BRDA:83,6,0,0
BRDA:83,6,1,0
BRDA:99,7,0,0
BRDA:99,7,1,0
BRDA:128,8,0,0
BRDA:128,8,1,0
BRDA:132,9,0,0
BRDA:132,9,1,0
BRDA:148,10,0,0
BRDA:148,10,1,0
BRDA:149,11,0,0
BRDA:149,11,1,0
BRDA:151,12,0,0
BRDA:151,12,1,0
BRDA:155,13,0,0
BRDA:155,13,1,0
BRDA:160,14,0,0
BRDA:160,14,1,0
BRDA:161,15,0,0
BRDA:161,15,1,0
BRDA:183,16,0,0
BRDA:183,16,1,0
BRDA:193,17,0,0
BRDA:193,17,1,0
BRDA:205,18,0,0
BRDA:205,18,1,0
BRDA:206,19,0,0
BRDA:206,19,1,0
BRDA:207,20,0,0
BRDA:207,20,1,0
BRDA:222,21,0,0
BRDA:222,21,1,0
BRDA:226,22,0,0
BRDA:226,22,1,0
BRDA:245,23,0,0
BRDA:245,23,1,0
BRDA:269,24,0,0
BRDA:269,24,1,0
BRDA:273,25,0,0
BRDA:273,25,1,0
BRDA:274,26,0,0
BRDA:274,26,1,0
BRDA:282,27,0,0
BRDA:282,27,1,0
BRDA:282,28,0,0
BRDA:282,28,1,0
BRDA:304,29,0,0
BRDA:304,29,1,0
BRDA:317,30,0,0
BRDA:317,30,1,0
BRDA:341,31,0,0
BRDA:341,31,1,0
BRDA:405,32,0,0
BRDA:405,32,1,0
BRDA:406,33,0,0
BRDA:406,33,1,0
BRDA:435,34,0,0
BRDA:435,34,1,0
BRDA:443,35,0,0
BRDA:443,35,1,0
BRDA:448,36,0,0
BRDA:448,36,1,0
BRDA:453,37,0,0
BRDA:453,37,1,0
BRDA:458,38,0,0
BRDA:458,38,1,0
BRDA:466,39,0,0
BRDA:466,39,1,0
BRDA:467,40,0,0
BRDA:467,40,1,0
BRDA:468,41,0,0
BRDA:468,41,1,0
BRF:84
BRH:0
end_of_record
TN:
SF:srv/quiz-service.js
FN:10,(anonymous_0)
FN:20,(anonymous_1)
FN:51,(anonymous_2)
FN:87,(anonymous_3)
FN:110,(anonymous_4)
FN:155,(anonymous_5)
FN:182,(anonymous_6)
FN:196,(anonymous_7)
FN:231,gradeAndFinalize
FN:240,(anonymous_9)
FN:271,autoSubmit
FN:277,buildAttemptView
FN:303,(anonymous_12)
FN:310,(anonymous_13)
FN:327,shuffleArray
FNF:15
FNH:0
FNDA:0,(anonymous_0)
FNDA:0,(anonymous_1)
FNDA:0,(anonymous_2)
FNDA:0,(anonymous_3)
FNDA:0,(anonymous_4)
FNDA:0,(anonymous_5)
FNDA:0,(anonymous_6)
FNDA:0,(anonymous_7)
FNDA:0,gradeAndFinalize
FNDA:0,(anonymous_9)
FNDA:0,autoSubmit
FNDA:0,buildAttemptView
FNDA:0,(anonymous_12)
FNDA:0,(anonymous_13)
FNDA:0,shuffleArray
DA:5,0
DA:6,0
DA:7,0
DA:8,0
DA:10,0
DA:11,0
DA:15,0
DA:16,0
DA:17,0
DA:20,0
DA:21,0
DA:22,0
DA:24,0
DA:25,0
DA:28,0
DA:29,0
DA:30,0
DA:32,0
DA:33,0
DA:37,0
DA:38,0
DA:42,0
DA:46,0
DA:47,0
DA:51,0
DA:52,0
DA:53,0
DA:55,0
DA:56,0
DA:60,0
DA:63,0
DA:66,0
DA:67,0
DA:69,0
DA:82,0
DA:83,0
DA:87,0
DA:88,0
DA:89,0
DA:91,0
DA:93,0
DA:95,0
DA:96,0
DA:99,0
DA:100,0
DA:101,0
DA:102,0
DA:106,0
DA:110,0
DA:111,0
DA:112,0
DA:114,0
DA:116,0
DA:119,0
DA:120,0
DA:121,0
DA:122,0
DA:123,0
DA:124,0
DA:129,0
DA:132,0
DA:140,0
DA:141,0
DA:143,0
DA:151,0
DA:155,0
DA:156,0
DA:157,0
DA:159,0
DA:161,0
DA:163,0
DA:164,0
DA:166,0
DA:170,0
DA:182,0
DA:183,0
DA:184,0
DA:186,0
DA:188,0
DA:189,0
DA:192,0
DA:196,0
DA:197,0
DA:198,0
DA:200,0
DA:202,0
DA:204,0
DA:207,0
DA:208,0
DA:211,0
DA:213,0
DA:214,0
DA:217,0
DA:218,0
DA:226,0
DA:232,0
DA:233,0
DA:235,0
DA:236,0
DA:238,0
DA:239,0
DA:240,0
DA:241,0
DA:243,0
DA:244,0
DA:246,0
DA:247,0
DA:253,0
DA:254,0
DA:255,0
DA:256,0
DA:258,0
DA:268,0
DA:272,0
DA:278,0
DA:279,0
DA:281,0
DA:282,0
DA:285,0
DA:286,0
DA:287,0
DA:289,0
DA:290,0
DA:293,0
DA:296,0
DA:303,0
DA:310,0
DA:318,0
DA:328,0
DA:329,0
DA:330,0
DA:331,0
DA:333,0
LF:133
LH:0
BRDA:25,0,0,0
BRDA:25,0,1,0
BRDA:29,1,0,0
BRDA:29,1,1,0
BRDA:29,2,0,0
BRDA:29,2,1,0
BRDA:32,3,0,0
BRDA:32,3,1,0
BRDA:32,4,0,0
BRDA:32,4,1,0
BRDA:37,5,0,0
BRDA:37,5,1,0
BRDA:37,6,0,0
BRDA:37,6,1,0
BRDA:46,7,0,0
BRDA:46,7,1,0
BRDA:46,8,0,0
BRDA:46,8,1,0
BRDA:52,9,0,0
BRDA:52,9,1,0
BRDA:52,10,0,0
BRDA:52,10,1,0
BRDA:55,11,0,0
BRDA:55,11,1,0
BRDA:63,12,0,0
BRDA:63,12,1,0
BRDA:78,13,0,0
BRDA:78,13,1,0
BRDA:79,14,0,0
BRDA:79,14,1,0
BRDA:93,15,0,0
BRDA:93,15,1,0
BRDA:96,16,0,0
BRDA:96,16,1,0
BRDA:99,17,0,0
BRDA:99,17,1,0
BRDA:101,18,0,0
BRDA:101,18,1,0
BRDA:116,19,0,0
BRDA:116,19,1,0
BRDA:120,20,0,0
BRDA:120,20,1,0
BRDA:122,21,0,0
BRDA:122,21,1,0
BRDA:133,22,0,0
BRDA:133,22,1,0
BRDA:136,23,0,0
BRDA:136,23,1,0
BRDA:140,24,0,0
BRDA:140,24,1,0
BRDA:161,25,0,0
BRDA:161,25,1,0
BRDA:186,26,0,0
BRDA:186,26,1,0
BRDA:188,27,0,0
BRDA:188,27,1,0
BRDA:188,28,0,0
BRDA:188,28,1,0
BRDA:202,29,0,0
BRDA:202,29,1,0
BRDA:207,30,0,0
BRDA:207,30,1,0
BRDA:213,31,0,0
BRDA:213,31,1,0
BRDA:222,32,0,0
BRDA:222,32,1,0
BRDA:239,33,0,0
BRDA:239,33,1,0
BRDA:241,34,0,0
BRDA:241,34,1,0
BRDA:254,35,0,0
BRDA:254,35,1,0
BRDA:255,36,0,0
BRDA:255,36,1,0
BRDA:281,37,0,0
BRDA:281,37,1,0
BRDA:289,38,0,0
BRDA:289,38,1,0
BRDA:289,39,0,0
BRDA:289,39,1,0
BRDA:309,40,0,0
BRDA:309,40,1,0
BRDA:314,41,0,0
BRDA:314,41,1,0
BRDA:314,42,0,0
BRDA:314,42,1,0
BRDA:314,42,2,0
BRF:87
BRH:0
end_of_record
TN:
SF:srv/server.js
FN:10,(anonymous_0)
FN:45,(anonymous_1)
FN:51,(anonymous_2)
FN:55,setupLiveQuizSocket
FN:73,(anonymous_4)
FN:77,(anonymous_5)
FN:100,(anonymous_6)
FN:111,(anonymous_7)
FN:121,(anonymous_8)
FN:127,(anonymous_9)
FN:132,(anonymous_10)
FNF:11
FNH:0
FNDA:0,(anonymous_0)
FNDA:0,(anonymous_1)
FNDA:0,(anonymous_2)
FNDA:0,setupLiveQuizSocket
FNDA:0,(anonymous_4)
FNDA:0,(anonymous_5)
FNDA:0,(anonymous_6)
FNDA:0,(anonymous_7)
FNDA:0,(anonymous_8)
FNDA:0,(anonymous_9)
FNDA:0,(anonymous_10)
DA:5,0
DA:6,0
DA:7,0
DA:8,0
DA:10,0
DA:12,0
DA:27,0
DA:30,0
DA:37,0
DA:40,0
DA:41,0
DA:42,0
DA:45,0
DA:46,0
DA:51,0
DA:52,0
DA:56,0
DA:57,0
DA:58,0
DA:59,0
DA:61,0
DA:62,0
DA:63,0
DA:66,0
DA:71,0
DA:73,0
DA:74,0
DA:77,0
DA:78,0
DA:79,0
DA:81,0
DA:82,0
DA:84,0
DA:85,0
DA:86,0
DA:89,0
DA:90,0
DA:92,0
DA:100,0
DA:101,0
DA:102,0
DA:111,0
DA:112,0
DA:113,0
DA:121,0
DA:122,0
DA:123,0
DA:127,0
DA:128,0
DA:129,0
DA:132,0
DA:133,0
DA:134,0
DA:135,0
DA:143,0
DA:145,0
DA:149,0
LF:57
LH:0
BRDA:31,0,0,0
BRDA:31,0,1,0
BRDA:32,1,0,0
BRDA:32,1,1,0
BRDA:59,2,0,0
BRDA:59,2,1,0
BRDA:61,3,0,0
BRDA:61,3,1,0
BRDA:71,4,0,0
BRDA:71,4,1,0
BRDA:79,5,0,0
BRDA:79,5,1,0
BRDA:79,6,0,0
BRDA:79,6,1,0
BRDA:82,7,0,0
BRDA:82,7,1,0
BRDA:84,8,0,0
BRDA:84,8,1,0
BRDA:133,9,0,0
BRDA:133,9,1,0
BRDA:134,10,0,0
BRDA:134,10,1,0
BRF:22
BRH:0
end_of_record
TN:
SF:srv/user-service.js
FN:8,(anonymous_0)
FN:14,(anonymous_1)
FN:79,(anonymous_2)
FNF:3
FNH:0
FNDA:0,(anonymous_0)
FNDA:0,(anonymous_1)
FNDA:0,(anonymous_2)
DA:5,0
DA:6,0
DA:8,0
DA:9,0
DA:10,0
DA:11,0
DA:14,0
DA:15,0
DA:16,0
DA:19,0
DA:21,0
DA:23,0
DA:24,0
DA:25,0
DA:28,0
DA:32,0
DA:33,0
DA:35,0
DA:46,0
DA:47,0
DA:49,0
DA:51,0
DA:63,0
DA:65,0
DA:67,0
DA:79,0
DA:80,0
DA:81,0
DA:83,0
DA:84,0
DA:85,0
DA:86,0
DA:88,0
DA:90,0
DA:91,0
DA:93,0
DA:95,0
LF:37
LH:0
BRDA:15,0,0,0
BRDA:15,0,1,0
BRDA:16,1,0,0
BRDA:16,1,1,0
BRDA:16,1,2,0
BRDA:21,2,0,0
BRDA:21,2,1,0
BRDA:23,3,0,0
BRDA:23,3,1,0
BRDA:24,4,0,0
BRDA:24,4,1,0
BRDA:24,5,0,0
BRDA:24,5,1,0
BRDA:28,6,0,0
BRDA:28,6,1,0
BRDA:33,7,0,0
BRDA:33,7,1,0
BRDA:38,8,0,0
BRDA:38,8,1,0
BRDA:39,9,0,0
BRDA:39,9,1,0
BRDA:47,10,0,0
BRDA:47,10,1,0
BRDA:84,11,0,0
BRDA:84,11,1,0
BRDA:85,12,0,0
BRDA:85,12,1,0
BRDA:86,13,0,0
BRDA:86,13,1,0
BRF:29
BRH:0
end_of_record
TN:
SF:srv/handlers/admin-handler.js
FN:12,(anonymous_0)
FN:27,(anonymous_1)
FN:35,(anonymous_2)
FN:66,(anonymous_3)
FN:74,(anonymous_4)
FN:82,(anonymous_5)
FN:139,(anonymous_6)
FN:192,(anonymous_7)
FN:213,(anonymous_8)
FN:227,(anonymous_9)
FN:245,(anonymous_10)
FN:255,(anonymous_11)
FN:266,(anonymous_12)
FN:276,(anonymous_13)
FN:294,(anonymous_14)
FN:312,(anonymous_15)
FN:326,(anonymous_16)
FN:349,(anonymous_17)
FN:363,(anonymous_18)
FN:382,(anonymous_19)
FN:392,(anonymous_20)
FN:403,(anonymous_21)
FN:409,(anonymous_22)
FN:416,(anonymous_23)
FN:446,computeAnalytics
FN:457,(anonymous_25)
FN:458,(anonymous_26)
FN:458,(anonymous_27)
FN:459,(anonymous_28)
FN:461,(anonymous_29)
FN:463,(anonymous_30)
FN:467,(anonymous_31)
FN:469,(anonymous_32)
FN:482,(anonymous_33)
FN:485,(anonymous_34)
FN:509,buildVersionSnapshot
FN:520,generateShareCode
FNF:37
FNH:0
FNDA:0,(anonymous_0)
FNDA:0,(anonymous_1)
FNDA:0,(anonymous_2)
FNDA:0,(anonymous_3)
FNDA:0,(anonymous_4)
FNDA:0,(anonymous_5)
FNDA:0,(anonymous_6)
FNDA:0,(anonymous_7)
FNDA:0,(anonymous_8)
FNDA:0,(anonymous_9)
FNDA:0,(anonymous_10)
FNDA:0,(anonymous_11)
FNDA:0,(anonymous_12)
FNDA:0,(anonymous_13)
FNDA:0,(anonymous_14)
FNDA:0,(anonymous_15)
FNDA:0,(anonymous_16)
FNDA:0,(anonymous_17)
FNDA:0,(anonymous_18)
FNDA:0,(anonymous_19)
FNDA:0,(anonymous_20)
FNDA:0,(anonymous_21)
FNDA:0,(anonymous_22)
FNDA:0,(anonymous_23)
FNDA:0,computeAnalytics
FNDA:0,(anonymous_25)
FNDA:0,(anonymous_26)
FNDA:0,(anonymous_27)
FNDA:0,(anonymous_28)
FNDA:0,(anonymous_29)
FNDA:0,(anonymous_30)
FNDA:0,(anonymous_31)
FNDA:0,(anonymous_32)
FNDA:0,(anonymous_33)
FNDA:0,(anonymous_34)
FNDA:0,buildVersionSnapshot
FNDA:0,generateShareCode
DA:4,0
DA:5,0
DA:6,0
DA:7,0
DA:8,0
DA:9,0
DA:13,0
DA:19,0
DA:20,0
DA:21,0
DA:22,0
DA:23,0
DA:24,0
DA:27,0
DA:28,0
DA:29,0
DA:30,0
DA:35,0
DA:36,0
DA:37,0
DA:38,0
DA:41,0
DA:43,0
DA:45,0
DA:48,0
DA:49,0
DA:53,0
DA:55,0
DA:60,0
DA:62,0
DA:66,0
DA:67,0
DA:68,0
DA:69,0
DA:70,0
DA:74,0
DA:75,0
DA:76,0
DA:77,0
DA:78,0
DA:82,0
DA:83,0
DA:84,0
DA:85,0
DA:87,0
DA:88,0
DA:91,0
DA:95,0
DA:96,0
DA:97,0
DA:104,0
DA:112,0
DA:113,0
DA:114,0
DA:115,0
DA:116,0
DA:117,0
DA:119,0
DA:120,0
DA:121,0
DA:122,0
DA:125,0
DA:126,0
DA:127,0
DA:128,0
DA:133,0
DA:135,0
DA:139,0
DA:140,0
DA:141,0
DA:143,0
DA:145,0
DA:146,0
DA:148,0
DA:151,0
DA:152,0
DA:154,0
DA:155,0
DA:156,0
DA:157,0
DA:168,0
DA:169,0
DA:170,0
DA:179,0
DA:181,0
DA:185,0
DA:187,0
DA:192,0
DA:193,0
DA:194,0
DA:196,0
DA:198,0
DA:199,0
DA:201,0
DA:202,0
DA:203,0
DA:206,0
DA:207,0
DA:209,0
DA:213,0
DA:214,0
DA:215,0
DA:223,0
DA:227,0
DA:228,0
DA:229,0
DA:230,0
DA:232,0
DA:242,0
DA:245,0
DA:246,0
DA:247,0
DA:252,0
DA:255,0
DA:256,0
DA:257,0
DA:258,0
DA:259,0
DA:263,0
DA:266,0
DA:267,0
DA:268,0
DA:272,0
DA:276,0
DA:277,0
DA:278,0
DA:280,0
DA:294,0
DA:295,0
DA:296,0
DA:297,0
DA:302,0
DA:309,0
DA:312,0
DA:313,0
DA:314,0
DA:316,0
DA:326,0
DA:327,0
DA:328,0
DA:329,0
DA:330,0
DA:331,0
DA:333,0
DA:334,0
DA:339,0
DA:346,0
DA:349,0
DA:350,0
DA:351,0
DA:353,0
DA:363,0
DA:364,0
DA:365,0
DA:366,0
DA:367,0
DA:372,0
DA:379,0
DA:382,0
DA:383,0
DA:384,0
DA:389,0
DA:392,0
DA:393,0
DA:394,0
DA:399,0
DA:403,0
DA:404,0
DA:405,0
DA:409,0
DA:410,0
DA:411,0
DA:412,0
DA:416,0
DA:417,0
DA:418,0
DA:419,0
DA:420,0
DA:422,0
DA:423,0
DA:425,0
DA:426,0
DA:428,0
DA:440,0
DA:443,0
DA:447,0
DA:450,0
DA:451,0
DA:457,0
DA:458,0
DA:459,0
DA:460,0
DA:461,0
DA:462,0
DA:463,0
DA:466,0
DA:467,0
DA:468,0
DA:469,0
DA:473,0
DA:475,0
DA:479,0
DA:480,0
DA:481,0
DA:482,0
DA:483,0
DA:484,0
DA:485,0
DA:487,0
DA:495,0
DA:510,0
DA:511,0
DA:512,0
DA:513,0
DA:514,0
DA:515,0
DA:517,0
DA:521,0
DA:522,0
DA:523,0
DA:524,0
DA:526,0
DA:529,0
LF:223
LH:0
BRDA:28,0,0,0
BRDA:28,0,1,0
BRDA:29,1,0,0
BRDA:29,1,1,0
BRDA:38,2,0,0
BRDA:38,2,1,0
BRDA:43,3,0,0
BRDA:43,3,1,0
BRDA:48,4,0,0
BRDA:48,4,1,0
BRDA:48,5,0,0
BRDA:48,5,1,0
BRDA:53,6,0,0
BRDA:53,6,1,0
BRDA:85,7,0,0
BRDA:85,7,1,0
BRDA:95,8,0,0
BRDA:95,8,1,0
BRDA:112,9,0,0
BRDA:112,9,1,0
BRDA:141,10,0,0
BRDA:141,10,1,0
BRDA:145,11,0,0
BRDA:145,11,1,0
BRDA:161,12,0,0
BRDA:161,12,1,0
BRDA:162,13,0,0
BRDA:162,13,1,0
BRDA:164,14,0,0
BRDA:164,14,1,0
BRDA:168,15,0,0
BRDA:168,15,1,0
BRDA:173,16,0,0
BRDA:173,16,1,0
BRDA:174,17,0,0
BRDA:174,17,1,0
BRDA:196,18,0,0
BRDA:196,18,1,0
BRDA:206,19,0,0
BRDA:206,19,1,0
BRDA:218,20,0,0
BRDA:218,20,1,0
BRDA:219,21,0,0
BRDA:219,21,1,0
BRDA:220,22,0,0
BRDA:220,22,1,0
BRDA:235,23,0,0
BRDA:235,23,1,0
BRDA:239,24,0,0
BRDA:239,24,1,0
BRDA:258,25,0,0
BRDA:258,25,1,0
BRDA:282,26,0,0
BRDA:282,26,1,0
BRDA:286,27,0,0
BRDA:286,27,1,0
BRDA:287,28,0,0
BRDA:287,28,1,0
BRDA:296,29,0,0
BRDA:296,29,1,0
BRDA:296,30,0,0
BRDA:296,30,1,0
BRDA:318,31,0,0
BRDA:318,31,1,0
BRDA:331,32,0,0
BRDA:331,32,1,0
BRDA:355,33,0,0
BRDA:355,33,1,0
BRDA:419,34,0,0
BRDA:419,34,1,0
BRDA:420,35,0,0
BRDA:420,35,1,0
BRDA:450,36,0,0
BRDA:450,36,1,0
BRDA:458,37,0,0
BRDA:458,37,1,0
BRDA:463,38,0,0
BRDA:463,38,1,0
BRDA:469,39,0,0
BRDA:469,39,1,0
BRDA:475,40,0,0
BRDA:475,40,1,0
BRDA:483,41,0,0
BRDA:483,41,1,0
BRDA:484,42,0,0
BRDA:484,42,1,0
BRDA:485,43,0,0
BRDA:485,43,1,0
BRF:88
BRH:0
end_of_record
TN:
SF:srv/handlers/auth-handler.js
FN:16,(anonymous_0)
FN:22,(anonymous_1)
FN:90,(anonymous_2)
FN:137,(anonymous_3)
FN:186,(anonymous_4)
FN:197,(anonymous_5)
FN:218,(anonymous_6)
FN:224,(anonymous_7)
FN:235,generateTokens
FN:251,storeRefreshToken
FN:264,isValidEmail
FNF:11
FNH:0
FNDA:0,(anonymous_0)
FNDA:0,(anonymous_1)
FNDA:0,(anonymous_2)
FNDA:0,(anonymous_3)
FNDA:0,(anonymous_4)
FNDA:0,(anonymous_5)
FNDA:0,(anonymous_6)
FNDA:0,(anonymous_7)
FNDA:0,generateTokens
FNDA:0,storeRefreshToken
FNDA:0,isValidEmail
DA:4,0
DA:5,0
DA:6,0
DA:7,0
DA:8,0
DA:10,0
DA:11,0
DA:12,0
DA:13,0
DA:17,0
DA:18,0
DA:19,0
DA:22,0
DA:23,0
DA:26,0
DA:27,0
DA:29,0
DA:30,0
DA:32,0
DA:33,0
DA:37,0
DA:39,0
DA:40,0
DA:44,0
DA:46,0
DA:47,0
DA:51,0
DA:53,0
DA:54,0
DA:56,0
DA:67,0
DA:68,0
DA:70,0
DA:72,0
DA:90,0
DA:91,0
DA:93,0
DA:94,0
DA:97,0
DA:100,0
DA:101,0
DA:104,0
DA:105,0
DA:106,0
DA:109,0
DA:111,0
DA:112,0
DA:115,0
DA:117,0
DA:119,0
DA:137,0
DA:138,0
DA:139,0
DA:140,0
DA:144,0
DA:145,0
DA:147,0
DA:150,0
DA:152,0
DA:153,0
DA:157,0
DA:159,0
DA:160,0
DA:161,0
DA:164,0
DA:165,0
DA:166,0
DA:168,0
DA:186,0
DA:187,0
DA:188,0
DA:189,0
DA:193,0
DA:197,0
DA:198,0
DA:199,0
DA:201,0
DA:202,0
DA:204,0
DA:206,0
DA:218,0
DA:220,0
DA:224,0
DA:226,0
DA:229,0
DA:236,0
DA:242,0
DA:248,0
DA:252,0
DA:253,0
DA:255,0
DA:265,0
DA:268,0
LF:93
LH:0
BRDA:10,0,0,0
BRDA:10,0,1,0
BRDA:11,1,0,0
BRDA:11,1,1,0
BRDA:12,2,0,0
BRDA:12,2,1,0
BRDA:26,3,0,0
BRDA:26,3,1,0
BRDA:26,4,0,0
BRDA:26,4,1,0
BRDA:29,5,0,0
BRDA:29,5,1,0
BRDA:32,6,0,0
BRDA:32,6,1,0
BRDA:38,7,0,0
BRDA:38,7,1,0
BRDA:39,8,0,0
BRDA:39,8,1,0
BRDA:46,9,0,0
BRDA:46,9,1,0
BRDA:51,10,0,0
BRDA:51,10,1,0
BRDA:51,11,0,0
BRDA:51,11,1,0
BRDA:51,12,0,0
BRDA:51,12,1,0
BRDA:93,13,0,0
BRDA:93,13,1,0
BRDA:93,14,0,0
BRDA:93,14,1,0
BRDA:100,15,0,0
BRDA:100,15,1,0
BRDA:105,16,0,0
BRDA:105,16,1,0
BRDA:139,17,0,0
BRDA:139,17,1,0
BRDA:152,18,0,0
BRDA:152,18,1,0
BRDA:160,19,0,0
BRDA:160,19,1,0
BRDA:188,20,0,0
BRDA:188,20,1,0
BRDA:199,21,0,0
BRDA:199,21,1,0
BRDA:202,22,0,0
BRDA:202,22,1,0
BRF:46
BRH:0
end_of_record
TN:
SF:srv/handlers/quiz-handler.js
FN:10,(anonymous_0)
FN:20,(anonymous_1)
FN:59,(anonymous_2)
FN:96,(anonymous_3)
FN:120,(anonymous_4)
FN:166,(anonymous_5)
FN:193,(anonymous_6)
FN:207,(anonymous_7)
FN:245,gradeAndFinalize
FN:256,(anonymous_9)
FN:287,autoSubmit
FN:294,buildAttemptView
FN:323,(anonymous_12)
FN:331,(anonymous_13)
FN:348,shuffleArray
FNF:15
FNH:0
FNDA:0,(anonymous_0)
FNDA:0,(anonymous_1)
FNDA:0,(anonymous_2)
FNDA:0,(anonymous_3)
FNDA:0,(anonymous_4)
FNDA:0,(anonymous_5)
FNDA:0,(anonymous_6)
FNDA:0,(anonymous_7)
FNDA:0,gradeAndFinalize
FNDA:0,(anonymous_9)
FNDA:0,autoSubmit
FNDA:0,buildAttemptView
FNDA:0,(anonymous_12)
FNDA:0,(anonymous_13)
FNDA:0,shuffleArray
DA:4,0
DA:5,0
DA:6,0
DA:7,0
DA:11,0
DA:15,0
DA:16,0
DA:17,0
DA:20,0
DA:21,0
DA:22,0
DA:23,0
DA:26,0
DA:27,0
DA:30,0
DA:31,0
DA:32,0
DA:36,0
DA:37,0
DA:38,0
DA:40,0
DA:41,0
DA:45,0
DA:46,0
DA:50,0
DA:54,0
DA:55,0
DA:59,0
DA:60,0
DA:61,0
DA:63,0
DA:65,0
DA:69,0
DA:72,0
DA:75,0
DA:76,0
DA:78,0
DA:91,0
DA:92,0
DA:96,0
DA:97,0
DA:98,0
DA:100,0
DA:102,0
DA:104,0
DA:105,0
DA:108,0
DA:109,0
DA:110,0
DA:112,0
DA:116,0
DA:120,0
DA:121,0
DA:122,0
DA:125,0
DA:127,0
DA:130,0
DA:131,0
DA:132,0
DA:133,0
DA:134,0
DA:135,0
DA:140,0
DA:143,0
DA:151,0
DA:152,0
DA:154,0
DA:162,0
DA:166,0
DA:167,0
DA:168,0
DA:170,0
DA:172,0
DA:174,0
DA:175,0
DA:177,0
DA:181,0
DA:193,0
DA:194,0
DA:195,0
DA:197,0
DA:199,0
DA:200,0
DA:203,0
DA:207,0
DA:208,0
DA:209,0
DA:211,0
DA:213,0
DA:216,0
DA:219,0
DA:220,0
DA:224,0
DA:226,0
DA:227,0
DA:230,0
DA:231,0
DA:239,0
DA:242,0
DA:246,0
DA:248,0
DA:249,0
DA:251,0
DA:252,0
DA:254,0
DA:255,0
DA:256,0
DA:257,0
DA:259,0
DA:260,0
DA:262,0
DA:263,0
DA:269,0
DA:270,0
DA:271,0
DA:272,0
DA:274,0
DA:284,0
DA:288,0
DA:295,0
DA:296,0
DA:299,0
DA:300,0
DA:303,0
DA:304,0
DA:305,0
DA:308,0
DA:309,0
DA:313,0
DA:316,0
DA:323,0
DA:331,0
DA:339,0
DA:349,0
DA:350,0
DA:351,0
DA:352,0
DA:354,0
DA:357,0
LF:139
LH:0
BRDA:23,0,0,0
BRDA:23,0,1,0
BRDA:27,1,0,0
BRDA:27,1,1,0
BRDA:31,2,0,0
BRDA:31,2,1,0
BRDA:31,3,0,0
BRDA:31,3,1,0
BRDA:31,3,2,0
BRDA:37,4,0,0
BRDA:37,4,1,0
BRDA:37,5,0,0
BRDA:37,5,1,0
BRDA:40,6,0,0
BRDA:40,6,1,0
BRDA:40,7,0,0
BRDA:40,7,1,0
BRDA:45,8,0,0
BRDA:45,8,1,0
BRDA:45,9,0,0
BRDA:45,9,1,0
BRDA:54,10,0,0
BRDA:54,10,1,0
BRDA:54,11,0,0
BRDA:54,11,1,0
BRDA:60,12,0,0
BRDA:60,12,1,0
BRDA:60,13,0,0
BRDA:60,13,1,0
BRDA:63,14,0,0
BRDA:63,14,1,0
BRDA:72,15,0,0
BRDA:72,15,1,0
BRDA:87,16,0,0
BRDA:87,16,1,0
BRDA:88,17,0,0
BRDA:88,17,1,0
BRDA:102,18,0,0
BRDA:102,18,1,0
BRDA:105,19,0,0
BRDA:105,19,1,0
BRDA:108,20,0,0
BRDA:108,20,1,0
BRDA:110,21,0,0
BRDA:110,21,1,0
BRDA:127,22,0,0
BRDA:127,22,1,0
BRDA:131,23,0,0
BRDA:131,23,1,0
BRDA:133,24,0,0
BRDA:133,24,1,0
BRDA:144,25,0,0
BRDA:144,25,1,0
BRDA:147,26,0,0
BRDA:147,26,1,0
BRDA:151,27,0,0
BRDA:151,27,1,0
BRDA:172,28,0,0
BRDA:172,28,1,0
BRDA:197,29,0,0
BRDA:197,29,1,0
BRDA:199,30,0,0
BRDA:199,30,1,0
BRDA:199,31,0,0
BRDA:199,31,1,0
BRDA:213,32,0,0
BRDA:213,32,1,0
BRDA:219,33,0,0
BRDA:219,33,1,0
BRDA:226,34,0,0
BRDA:226,34,1,0
BRDA:235,35,0,0
BRDA:235,35,1,0
BRDA:255,36,0,0
BRDA:255,36,1,0
BRDA:257,37,0,0
BRDA:257,37,1,0
BRDA:270,38,0,0
BRDA:270,38,1,0
BRDA:271,39,0,0
BRDA:271,39,1,0
BRDA:299,40,0,0
BRDA:299,40,1,0
BRDA:308,41,0,0
BRDA:308,41,1,0
BRDA:308,42,0,0
BRDA:308,42,1,0
BRDA:330,43,0,0
BRDA:330,43,1,0
BRDA:335,44,0,0
BRDA:335,44,1,0
BRDA:335,45,0,0
BRDA:335,45,1,0
BRDA:335,45,2,0
BRF:94
BRH:0
end_of_record
TN:
SF:srv/handlers/lib/ai-service.js
FN:7,(anonymous_0)
FN:15,(anonymous_1)
FN:40,(anonymous_2)
FN:41,(anonymous_3)
FN:59,(anonymous_4)
FN:70,(anonymous_5)
FN:88,(anonymous_6)
FN:111,(anonymous_7)
FNF:8
FNH:0
FNDA:0,(anonymous_0)
FNDA:0,(anonymous_1)
FNDA:0,(anonymous_2)
FNDA:0,(anonymous_3)
FNDA:0,(anonymous_4)
FNDA:0,(anonymous_5)
FNDA:0,(anonymous_6)
FNDA:0,(anonymous_7)
DA:8,0
DA:9,0
DA:16,0
DA:34,0
DA:41,0
DA:42,0
DA:45,0
DA:53,0
DA:60,0
DA:71,0
DA:85,0
DA:89,0
DA:91,0
DA:94,0
DA:95,0
DA:97,0
DA:107,0
DA:108,0
DA:113,0
DA:114,0
DA:130,0
DA:131,0
DA:134,0
DA:144,0
LF:24
LH:0
BRDA:9,0,0,0
BRDA:9,0,1,0
BRDA:15,1,0,0
BRDA:89,2,0,0
BRDA:89,2,1,0
BRDA:89,3,0,0
BRDA:89,3,1,0
BRDA:107,4,0,0
BRDA:107,4,1,0
BRDA:113,5,0,0
BRDA:113,5,1,0
BRDA:113,6,0,0
BRDA:113,6,1,0
BRDA:130,7,0,0
BRDA:130,7,1,0
BRF:15
BRH:0
end_of_record
TN:
SF:srv/handlers/lib/audit-logger.js
FN:6,getAuditLogger
FN:20,(anonymous_1)
FNF:2
FNH:0
FNDA:0,getAuditLogger
FNDA:0,(anonymous_1)
DA:4,0
DA:7,0
DA:9,0
DA:21,0
DA:22,0
DA:35,0
DA:41,0
LF:7
LH:0
BRDA:24,0,0,0
BRDA:24,0,1,0
BRDA:25,1,0,0
BRDA:25,1,1,0
BRDA:29,2,0,0
BRDA:29,2,1,0
BRDA:30,3,0,0
BRDA:30,3,1,0
BRF:8
BRH:0
end_of_record
TN:
SF:srv/handlers/lib/certificate-generator.js
FN:13,(anonymous_0)
FN:22,(anonymous_1)
FN:87,(anonymous_2)
FNF:3
FNH:0
FNDA:0,(anonymous_0)
FNDA:0,(anonymous_1)
FNDA:0,(anonymous_2)
DA:4,0
DA:5,0
DA:6,0
DA:14,0
DA:15,0
DA:16,0
DA:19,0
DA:20,0
DA:22,0
DA:23,0
DA:29,0
DA:30,0
DA:33,0
DA:38,0
DA:44,0
DA:45,0
DA:48,0
DA:49,0
DA:53,0
DA:54,0
DA:55,0
DA:59,0
DA:60,0
DA:63,0
DA:64,0
DA:65,0
DA:68,0
DA:69,0
DA:72,0
DA:73,0
DA:76,0
DA:77,0
DA:81,0
DA:82,0
DA:85,0
DA:87,0
DA:88,0
DA:93,0
LF:38
LH:0
BRDA:15,0,0,0
BRDA:15,0,1,0
BRDA:64,1,0,0
BRDA:64,1,1,0
BRDA:64,2,0,0
BRDA:64,2,1,0
BRDA:64,3,0,0
BRDA:64,3,1,0
BRF:8
BRH:0
end_of_record
TN:
SF:srv/handlers/lib/csv-handler.js
FN:9,(anonymous_0)
FN:34,(anonymous_1)
FN:49,(anonymous_2)
FN:60,(anonymous_3)
FN:64,(anonymous_4)
FN:70,(anonymous_5)
FN:95,(anonymous_6)
FNF:7
FNH:7
FNDA:3,(anonymous_0)
FNDA:1,(anonymous_1)
FNDA:18,(anonymous_2)
FNDA:3,(anonymous_3)
FNDA:12,(anonymous_4)
FNDA:12,(anonymous_5)
FNDA:1,(anonymous_6)
DA:10,3
DA:11,3
DA:13,3
DA:14,3
DA:15,3
DA:25,3
DA:28,3
DA:35,1
DA:36,1
DA:38,1
DA:39,1
DA:46,1
DA:50,18
DA:51,8
DA:52,8
DA:61,3
DA:62,3
DA:64,12
DA:65,1
DA:67,1
DA:68,1
DA:69,1
DA:70,12
DA:72,1
DA:73,1
DA:74,4
DA:75,4
DA:76,4
DA:83,1
DA:92,1
DA:96,1
DA:97,1
DA:98,1
DA:100,1
DA:101,80
DA:102,12
DA:103,68
DA:104,11
DA:105,11
DA:107,57
DA:110,1
DA:111,1
DA:115,1
LF:43
LH:43
BRDA:14,0,0,3
BRDA:14,0,1,0
BRDA:19,1,0,3
BRDA:19,1,1,2
BRDA:20,2,0,3
BRDA:20,2,1,2
BRDA:20,3,0,3
BRDA:20,3,1,3
BRDA:21,4,0,3
BRDA:21,4,1,2
BRDA:21,5,0,3
BRDA:21,5,1,2
BRDA:22,6,0,3
BRDA:22,6,1,2
BRDA:22,7,0,3
BRDA:22,7,1,3
BRDA:23,8,0,3
BRDA:23,8,1,2
BRDA:23,9,0,3
BRDA:23,9,1,3
BRDA:34,10,0,1
BRDA:50,11,0,10
BRDA:50,11,1,8
BRDA:62,12,0,2
BRDA:62,12,1,1
BRDA:75,13,0,4
BRDA:75,13,1,0
BRDA:84,14,0,1
BRDA:84,14,1,0
BRDA:85,15,0,1
BRDA:85,15,1,0
BRDA:86,16,0,1
BRDA:86,16,1,0
BRDA:87,17,0,1
BRDA:87,17,1,0
BRDA:101,18,0,12
BRDA:101,18,1,68
BRDA:103,19,0,11
BRDA:103,19,1,57
BRDA:103,20,0,68
BRDA:103,20,1,11
BRF:41
BRH:35
end_of_record
TN:
SF:srv/handlers/lib/scoring-engine.js
FN:15,(anonymous_0)
FN:34,(anonymous_1)
FN:38,(anonymous_2)
FN:49,(anonymous_3)
FN:53,(anonymous_4)
FN:53,(anonymous_5)
FN:57,(anonymous_6)
FN:58,(anonymous_7)
FN:79,(anonymous_8)
FN:85,(anonymous_9)
FN:86,(anonymous_10)
FN:98,(anonymous_11)
FN:125,(anonymous_12)
FN:141,(anonymous_13)
FN:145,(anonymous_14)
FN:146,(anonymous_15)
FN:156,(anonymous_16)
FNF:17
FNH:16
FNDA:16,(anonymous_0)
FNDA:7,(anonymous_1)
FNDA:10,(anonymous_2)
FNDA:4,(anonymous_3)
FNDA:12,(anonymous_4)
FNDA:9,(anonymous_5)
FNDA:8,(anonymous_6)
FNDA:7,(anonymous_7)
FNDA:4,(anonymous_8)
FNDA:3,(anonymous_9)
FNDA:3,(anonymous_10)
FNDA:0,(anonymous_11)
FNDA:11,(anonymous_12)
FNDA:5,(anonymous_13)
FNDA:11,(anonymous_14)
FNDA:10,(anonymous_15)
FNDA:3,(anonymous_16)
DA:16,16
DA:18,16
DA:20,5
DA:22,4
DA:24,2
DA:26,4
DA:28,0
DA:30,1
DA:35,7
DA:36,7
DA:38,10
DA:39,6
DA:41,6
DA:42,3
DA:45,3
DA:46,3
DA:50,4
DA:51,4
DA:53,12
DA:54,3
DA:57,8
DA:58,7
DA:60,3
DA:61,1
DA:65,2
DA:66,2
DA:67,2
DA:68,4
DA:69,3
DA:70,1
DA:71,1
DA:75,2
DA:76,2
DA:80,4
DA:81,4
DA:84,3
DA:85,3
DA:86,3
DA:88,3
DA:90,3
DA:91,2
DA:94,1
DA:95,1
DA:99,0
DA:102,0
DA:103,0
DA:105,0
DA:111,0
DA:112,0
DA:114,0
DA:115,0
DA:118,0
DA:119,0
DA:126,11
DA:127,10
DA:128,9
DA:129,9
DA:131,0
DA:142,5
DA:144,4
DA:145,11
DA:146,10
DA:148,4
DA:150,4
DA:152,2
DA:154,1
DA:156,3
DA:158,0
DA:163,1
LF:69
LH:56
BRDA:15,0,0,13
BRDA:15,1,0,14
BRDA:16,2,0,16
BRDA:16,2,1,0
BRDA:18,3,0,5
BRDA:18,3,1,4
BRDA:18,3,2,2
BRDA:18,3,3,4
BRDA:18,3,4,0
BRDA:18,3,5,1
BRDA:36,4,0,1
BRDA:36,4,1,6
BRDA:39,5,0,6
BRDA:39,5,1,6
BRDA:41,6,0,3
BRDA:41,6,1,3
BRDA:45,7,0,1
BRDA:45,7,1,2
BRDA:51,8,0,1
BRDA:51,8,1,3
BRDA:60,9,0,1
BRDA:60,9,1,2
BRDA:60,10,0,3
BRDA:60,10,1,1
BRDA:68,11,0,3
BRDA:68,11,1,1
BRDA:70,12,0,1
BRDA:70,12,1,0
BRDA:76,13,0,2
BRDA:76,13,1,0
BRDA:80,14,0,4
BRDA:80,14,1,1
BRDA:81,15,0,1
BRDA:81,15,1,3
BRDA:90,16,0,2
BRDA:90,16,1,1
BRDA:94,17,0,0
BRDA:94,17,1,1
BRDA:99,18,0,0
BRDA:99,18,1,0
BRDA:111,19,0,0
BRDA:111,19,1,0
BRDA:115,20,0,0
BRDA:115,20,1,0
BRDA:126,21,0,1
BRDA:126,21,1,10
BRDA:127,22,0,1
BRDA:127,22,1,9
BRDA:141,23,0,0
BRDA:142,24,0,1
BRDA:142,24,1,4
BRDA:142,25,0,5
BRDA:142,25,1,5
BRDA:146,26,0,10
BRDA:146,26,1,0
BRDA:148,27,0,0
BRDA:148,27,1,4
BRDA:150,28,0,2
BRDA:150,28,1,1
BRDA:150,28,2,1
BRDA:150,28,3,0
BRF:61
BRH:46
end_of_record
